<?xml version="1.0" encoding="UTF-8"?>
<TestRun id="ec86915a-804b-4476-a649-ef383226f698" name="atruong0@SL0D8WDFJM1 2013-01-22 14:47:31" runUser="VMS\atruong0" xmlns="http://microsoft.com/schemas/VisualStudio/TeamTest/2010">
  <TestSettings name="Local" id="73ec5f96-3290-41df-b6e1-a800b2821207">
    <Description>These are default test settings for a local test run.</Description>
    <Deployment enabled="false" runDeploymentRoot="atruong0_SL0D8WDFJM1 2013-01-22 14_47_31">
      <DeploymentItem filename="C:\Users\atruong0\Documents\Visual Studio 2010\Projects\VT\VT\bin\VT.dll" />
      <DeploymentItem filename="C:\Users\atruong0\Documents\Visual Studio 2010\Projects\VT\packages\EntityFramework.4.1.10331.0\lib\EntityFramework.dll" />
    </Deployment>
    <Execution>
      <TestTypeSpecific />
      <AgentRule name="Execution Agents">
      </AgentRule>
    </Execution>
  </TestSettings>
  <Times creation="2013-01-22T14:47:31.3992201-07:00" queuing="2013-01-22T14:47:32.5542201-07:00" start="2013-01-22T14:47:32.7482201-07:00" finish="2013-01-22T14:48:38.0222201-07:00" />
  <ResultSummary outcome="Error">
    <Counters total="11" executed="11" passed="10" error="0" failed="0" timeout="0" aborted="1" inconclusive="0" passedButRunAborted="0" notRunnable="0" notExecuted="0" disconnected="0" warning="0" completed="0" inProgress="0" pending="0" />
    <RunInfos>
      <RunInfo computerName="SL0D8WDFJM1" outcome="Error" timestamp="2013-01-22T14:48:38.0102201-07:00">
        <Text>Test host process exited unexpectedly.</Text>
      </RunInfo>
    </RunInfos>
  </ResultSummary>
  <TestDefinitions>
    <UnitTest name="GenerateTubePartNumberDNE" storage="c:\users\atruong0\documents\visual studio 2010\projects\vt\vttestproject\bin\debug\vttestproject.dll" id="33bc03f4-5911-abf3-3327-17c201eb4ca6">
      <Execution id="ebfccd41-d41c-47b0-91b8-bf3379681d5f" />
      <TestMethod codeBase="C:/Users/atruong0/Documents/Visual Studio 2010/Projects/VT/VTTestProject/bin/Debug/VTTestProject.DLL" adapterTypeName="Microsoft.VisualStudio.TestTools.TestTypes.Unit.UnitTestAdapter, Microsoft.VisualStudio.QualityTools.Tips.UnitTest.Adapter, Version=10.0.0.0, Culture=neutral, PublicKeyToken=b03f5f7f11d50a3a" className="VTTestProject.VTLogicModelTest, VTTestProject, Version=1.0.0.0, Culture=neutral, PublicKeyToken=null" name="GenerateTubePartNumberDNE" />
    </UnitTest>
    <UnitTest name="GetFormDNEEmpID" storage="c:\users\atruong0\documents\visual studio 2010\projects\vt\vttestproject\bin\debug\vttestproject.dll" id="fd20899b-0142-367f-df69-4b3f05c13030">
      <Execution id="3318820b-1d28-438b-9bc5-7591b43412e8" />
      <TestMethod codeBase="C:/Users/atruong0/Documents/Visual Studio 2010/Projects/VT/VTTestProject/bin/Debug/VTTestProject.DLL" adapterTypeName="Microsoft.VisualStudio.TestTools.TestTypes.Unit.UnitTestAdapter, Microsoft.VisualStudio.QualityTools.Tips.UnitTest.Adapter, Version=10.0.0.0, Culture=neutral, PublicKeyToken=b03f5f7f11d50a3a" className="VTTestProject.VTLogicModelTest, VTTestProject, Version=1.0.0.0, Culture=neutral, PublicKeyToken=null" name="GetFormDNEEmpID" />
    </UnitTest>
    <UnitTest name="GenerateCathodeEmployeeIDDNE" storage="c:\users\atruong0\documents\visual studio 2010\projects\vt\vttestproject\bin\debug\vttestproject.dll" id="1e6c700a-1a27-94f5-5170-30b50ca89ce4">
      <Execution id="daa32b0e-8745-4281-ae4f-0cae5b119bc2" />
      <TestMethod codeBase="C:/Users/atruong0/Documents/Visual Studio 2010/Projects/VT/VTTestProject/bin/Debug/VTTestProject.DLL" adapterTypeName="Microsoft.VisualStudio.TestTools.TestTypes.Unit.UnitTestAdapter, Microsoft.VisualStudio.QualityTools.Tips.UnitTest.Adapter, Version=10.0.0.0, Culture=neutral, PublicKeyToken=b03f5f7f11d50a3a" className="VTTestProject.VTLogicModelTest, VTTestProject, Version=1.0.0.0, Culture=neutral, PublicKeyToken=null" name="GenerateCathodeEmployeeIDDNE" />
    </UnitTest>
    <UnitTest name="GenerateDuplicateTubeSerialTest" storage="c:\users\atruong0\documents\visual studio 2010\projects\vt\vttestproject\bin\debug\vttestproject.dll" id="9725848f-b700-87d6-99ee-e1846bd68398">
      <Execution id="54d82257-2d8b-4f26-8ce4-f0d01b48feb9" />
      <TestMethod codeBase="C:/Users/atruong0/Documents/Visual Studio 2010/Projects/VT/VTTestProject/bin/Debug/VTTestProject.DLL" adapterTypeName="Microsoft.VisualStudio.TestTools.TestTypes.Unit.UnitTestAdapter, Microsoft.VisualStudio.QualityTools.Tips.UnitTest.Adapter, Version=10.0.0.0, Culture=neutral, PublicKeyToken=b03f5f7f11d50a3a" className="VTTestProject.VTLogicModelTest, VTTestProject, Version=1.0.0.0, Culture=neutral, PublicKeyToken=null" name="GenerateDuplicateTubeSerialTest" />
    </UnitTest>
    <UnitTest name="GenerateTubeSerialTest" storage="c:\users\atruong0\documents\visual studio 2010\projects\vt\vttestproject\bin\debug\vttestproject.dll" id="309e52b5-e9a8-539b-3ebf-5a66cbb4d81a">
      <Execution id="7165642a-4c1f-415d-8eef-5ecb0708c227" />
      <TestMethod codeBase="C:/Users/atruong0/Documents/Visual Studio 2010/Projects/VT/VTTestProject/bin/Debug/VTTestProject.DLL" adapterTypeName="Microsoft.VisualStudio.TestTools.TestTypes.Unit.UnitTestAdapter, Microsoft.VisualStudio.QualityTools.Tips.UnitTest.Adapter, Version=10.0.0.0, Culture=neutral, PublicKeyToken=b03f5f7f11d50a3a" className="VTTestProject.VTLogicModelTest, VTTestProject, Version=1.0.0.0, Culture=neutral, PublicKeyToken=null" name="GenerateTubeSerialTest" />
    </UnitTest>
    <UnitTest name="GetFormDNESerial" storage="c:\users\atruong0\documents\visual studio 2010\projects\vt\vttestproject\bin\debug\vttestproject.dll" id="96ed1dd4-9aa9-2410-b3bb-cdcae994a76a">
      <Execution id="f1d30ef2-4309-4f53-8a8e-5b5e5233a0da" />
      <TestMethod codeBase="C:/Users/atruong0/Documents/Visual Studio 2010/Projects/VT/VTTestProject/bin/Debug/VTTestProject.DLL" adapterTypeName="Microsoft.VisualStudio.TestTools.TestTypes.Unit.UnitTestAdapter, Microsoft.VisualStudio.QualityTools.Tips.UnitTest.Adapter, Version=10.0.0.0, Culture=neutral, PublicKeyToken=b03f5f7f11d50a3a" className="VTTestProject.VTLogicModelTest, VTTestProject, Version=1.0.0.0, Culture=neutral, PublicKeyToken=null" name="GetFormDNESerial" />
    </UnitTest>
    <UnitTest name="GenerateTubeEmployeeIDDNE" storage="c:\users\atruong0\documents\visual studio 2010\projects\vt\vttestproject\bin\debug\vttestproject.dll" id="bc87840b-e139-4c94-1ad7-27b2c39f3a02">
      <Execution id="4c091a6a-45b0-4aa1-ba8e-cbca2b77c0a0" />
      <TestMethod codeBase="C:/Users/atruong0/Documents/Visual Studio 2010/Projects/VT/VTTestProject/bin/Debug/VTTestProject.DLL" adapterTypeName="Microsoft.VisualStudio.TestTools.TestTypes.Unit.UnitTestAdapter, Microsoft.VisualStudio.QualityTools.Tips.UnitTest.Adapter, Version=10.0.0.0, Culture=neutral, PublicKeyToken=b03f5f7f11d50a3a" className="VTTestProject.VTLogicModelTest, VTTestProject, Version=1.0.0.0, Culture=neutral, PublicKeyToken=null" name="GenerateTubeEmployeeIDDNE" />
    </UnitTest>
    <UnitTest name="GetFormTest" storage="c:\users\atruong0\documents\visual studio 2010\projects\vt\vttestproject\bin\debug\vttestproject.dll" id="594fd9ed-7823-da9d-1465-bd69f2ada8dc">
      <Execution id="8ad5baad-8453-4eb0-8ad6-a327cae9b9b4" />
      <TestMethod codeBase="C:/Users/atruong0/Documents/Visual Studio 2010/Projects/VT/VTTestProject/bin/Debug/VTTestProject.DLL" adapterTypeName="Microsoft.VisualStudio.TestTools.TestTypes.Unit.UnitTestAdapter, Microsoft.VisualStudio.QualityTools.Tips.UnitTest.Adapter, Version=10.0.0.0, Culture=neutral, PublicKeyToken=b03f5f7f11d50a3a" className="VTTestProject.VTLogicModelTest, VTTestProject, Version=1.0.0.0, Culture=neutral, PublicKeyToken=null" name="GetFormTest" />
    </UnitTest>
    <UnitTest name="GenerateCathodeSerialTest" storage="c:\users\atruong0\documents\visual studio 2010\projects\vt\vttestproject\bin\debug\vttestproject.dll" id="e2e468b9-92f7-db72-c85c-e1b422059e2c">
      <Execution id="e1bb0f54-0548-4e00-882e-a0196e8ecf0d" />
      <TestMethod codeBase="C:/Users/atruong0/Documents/Visual Studio 2010/Projects/VT/VTTestProject/bin/Debug/VTTestProject.DLL" adapterTypeName="Microsoft.VisualStudio.TestTools.TestTypes.Unit.UnitTestAdapter, Microsoft.VisualStudio.QualityTools.Tips.UnitTest.Adapter, Version=10.0.0.0, Culture=neutral, PublicKeyToken=b03f5f7f11d50a3a" className="VTTestProject.VTLogicModelTest, VTTestProject, Version=1.0.0.0, Culture=neutral, PublicKeyToken=null" name="GenerateCathodeSerialTest" />
    </UnitTest>
    <UnitTest name="GenerateDuplicateCathodeSerialTest" storage="c:\users\atruong0\documents\visual studio 2010\projects\vt\vttestproject\bin\debug\vttestproject.dll" id="af0cafd0-783b-b36f-9e62-72abf58bc4fb">
      <Execution id="04b4b8af-bf04-4d75-a138-63ef1543cf63" />
      <TestMethod codeBase="C:/Users/atruong0/Documents/Visual Studio 2010/Projects/VT/VTTestProject/bin/Debug/VTTestProject.DLL" adapterTypeName="Microsoft.VisualStudio.TestTools.TestTypes.Unit.UnitTestAdapter, Microsoft.VisualStudio.QualityTools.Tips.UnitTest.Adapter, Version=10.0.0.0, Culture=neutral, PublicKeyToken=b03f5f7f11d50a3a" className="VTTestProject.VTLogicModelTest, VTTestProject, Version=1.0.0.0, Culture=neutral, PublicKeyToken=null" name="GenerateDuplicateCathodeSerialTest" />
    </UnitTest>
    <UnitTest name="GenerateCathodePartNumberDNE" storage="c:\users\atruong0\documents\visual studio 2010\projects\vt\vttestproject\bin\debug\vttestproject.dll" id="0c7509b4-902f-4554-b735-7ec271053641">
      <Execution id="90cb719d-c7d5-4c47-bf46-66e90b4adbd0" />
      <TestMethod codeBase="C:/Users/atruong0/Documents/Visual Studio 2010/Projects/VT/VTTestProject/bin/Debug/VTTestProject.DLL" adapterTypeName="Microsoft.VisualStudio.TestTools.TestTypes.Unit.UnitTestAdapter, Microsoft.VisualStudio.QualityTools.Tips.UnitTest.Adapter, Version=10.0.0.0, Culture=neutral, PublicKeyToken=b03f5f7f11d50a3a" className="VTTestProject.VTLogicModelTest, VTTestProject, Version=1.0.0.0, Culture=neutral, PublicKeyToken=null" name="GenerateCathodePartNumberDNE" />
    </UnitTest>
  </TestDefinitions>
  <TestLists>
    <TestList name="Results Not in a List" id="8c84fa94-04c1-424b-9868-57a2d4851a1d" />
    <TestList name="All Loaded Results" id="19431567-8539-422a-85d7-44ee4e166bda" />
  </TestLists>
  <TestEntries>
    <TestEntry testId="309e52b5-e9a8-539b-3ebf-5a66cbb4d81a" executionId="7165642a-4c1f-415d-8eef-5ecb0708c227" testListId="8c84fa94-04c1-424b-9868-57a2d4851a1d" />
    <TestEntry testId="9725848f-b700-87d6-99ee-e1846bd68398" executionId="54d82257-2d8b-4f26-8ce4-f0d01b48feb9" testListId="8c84fa94-04c1-424b-9868-57a2d4851a1d" />
    <TestEntry testId="e2e468b9-92f7-db72-c85c-e1b422059e2c" executionId="e1bb0f54-0548-4e00-882e-a0196e8ecf0d" testListId="8c84fa94-04c1-424b-9868-57a2d4851a1d" />
    <TestEntry testId="af0cafd0-783b-b36f-9e62-72abf58bc4fb" executionId="04b4b8af-bf04-4d75-a138-63ef1543cf63" testListId="8c84fa94-04c1-424b-9868-57a2d4851a1d" />
    <TestEntry testId="594fd9ed-7823-da9d-1465-bd69f2ada8dc" executionId="8ad5baad-8453-4eb0-8ad6-a327cae9b9b4" testListId="8c84fa94-04c1-424b-9868-57a2d4851a1d" />
    <TestEntry testId="33bc03f4-5911-abf3-3327-17c201eb4ca6" executionId="ebfccd41-d41c-47b0-91b8-bf3379681d5f" testListId="8c84fa94-04c1-424b-9868-57a2d4851a1d" />
    <TestEntry testId="0c7509b4-902f-4554-b735-7ec271053641" executionId="90cb719d-c7d5-4c47-bf46-66e90b4adbd0" testListId="8c84fa94-04c1-424b-9868-57a2d4851a1d" />
    <TestEntry testId="bc87840b-e139-4c94-1ad7-27b2c39f3a02" executionId="4c091a6a-45b0-4aa1-ba8e-cbca2b77c0a0" testListId="8c84fa94-04c1-424b-9868-57a2d4851a1d" />
    <TestEntry testId="1e6c700a-1a27-94f5-5170-30b50ca89ce4" executionId="daa32b0e-8745-4281-ae4f-0cae5b119bc2" testListId="8c84fa94-04c1-424b-9868-57a2d4851a1d" />
    <TestEntry testId="96ed1dd4-9aa9-2410-b3bb-cdcae994a76a" executionId="f1d30ef2-4309-4f53-8a8e-5b5e5233a0da" testListId="8c84fa94-04c1-424b-9868-57a2d4851a1d" />
    <TestEntry testId="fd20899b-0142-367f-df69-4b3f05c13030" executionId="3318820b-1d28-438b-9bc5-7591b43412e8" testListId="8c84fa94-04c1-424b-9868-57a2d4851a1d" />
  </TestEntries>
  <Results>
    <UnitTestResult executionId="7165642a-4c1f-415d-8eef-5ecb0708c227" testId="309e52b5-e9a8-539b-3ebf-5a66cbb4d81a" testName="GenerateTubeSerialTest" computerName="SL0D8WDFJM1" duration="00:00:00.3421603" startTime="2013-01-22T14:47:32.8862201-07:00" endTime="2013-01-22T14:47:34.5172201-07:00" testType="13cdc9d9-ddb5-4fa4-a97d-d965ccfc6d4b" outcome="Passed" testListId="8c84fa94-04c1-424b-9868-57a2d4851a1d" relativeResultsDirectory="7165642a-4c1f-415d-8eef-5ecb0708c227">
    </UnitTestResult>
    <UnitTestResult executionId="54d82257-2d8b-4f26-8ce4-f0d01b48feb9" testId="9725848f-b700-87d6-99ee-e1846bd68398" testName="GenerateDuplicateTubeSerialTest" computerName="SL0D8WDFJM1" duration="00:00:00.0071352" startTime="2013-01-22T14:47:34.5402201-07:00" endTime="2013-01-22T14:47:34.5682201-07:00" testType="13cdc9d9-ddb5-4fa4-a97d-d965ccfc6d4b" outcome="Passed" testListId="8c84fa94-04c1-424b-9868-57a2d4851a1d" relativeResultsDirectory="54d82257-2d8b-4f26-8ce4-f0d01b48feb9">
    </UnitTestResult>
    <UnitTestResult executionId="e1bb0f54-0548-4e00-882e-a0196e8ecf0d" testId="e2e468b9-92f7-db72-c85c-e1b422059e2c" testName="GenerateCathodeSerialTest" computerName="SL0D8WDFJM1" duration="00:00:01.0114956" startTime="2013-01-22T14:47:34.5872201-07:00" endTime="2013-01-22T14:47:35.6032201-07:00" testType="13cdc9d9-ddb5-4fa4-a97d-d965ccfc6d4b" outcome="Passed" testListId="8c84fa94-04c1-424b-9868-57a2d4851a1d" relativeResultsDirectory="e1bb0f54-0548-4e00-882e-a0196e8ecf0d">
    </UnitTestResult>
    <UnitTestResult executionId="04b4b8af-bf04-4d75-a138-63ef1543cf63" testId="af0cafd0-783b-b36f-9e62-72abf58bc4fb" testName="GenerateDuplicateCathodeSerialTest" computerName="SL0D8WDFJM1" duration="00:00:00.0058448" startTime="2013-01-22T14:47:35.6242201-07:00" endTime="2013-01-22T14:47:35.6352201-07:00" testType="13cdc9d9-ddb5-4fa4-a97d-d965ccfc6d4b" outcome="Passed" testListId="8c84fa94-04c1-424b-9868-57a2d4851a1d" relativeResultsDirectory="04b4b8af-bf04-4d75-a138-63ef1543cf63">
    </UnitTestResult>
    <UnitTestResult executionId="8ad5baad-8453-4eb0-8ad6-a327cae9b9b4" testId="594fd9ed-7823-da9d-1465-bd69f2ada8dc" testName="GetFormTest" computerName="SL0D8WDFJM1" duration="00:00:18.0597594" startTime="2013-01-22T14:47:35.6572201-07:00" endTime="2013-01-22T14:47:53.7352201-07:00" testType="13cdc9d9-ddb5-4fa4-a97d-d965ccfc6d4b" outcome="Passed" testListId="8c84fa94-04c1-424b-9868-57a2d4851a1d" relativeResultsDirectory="8ad5baad-8453-4eb0-8ad6-a327cae9b9b4">
    </UnitTestResult>
    <UnitTestResult executionId="ebfccd41-d41c-47b0-91b8-bf3379681d5f" testId="33bc03f4-5911-abf3-3327-17c201eb4ca6" testName="GenerateTubePartNumberDNE" computerName="SL0D8WDFJM1" duration="00:00:00.0264481" startTime="2013-01-22T14:47:53.7772201-07:00" endTime="2013-01-22T14:47:53.8092201-07:00" testType="13cdc9d9-ddb5-4fa4-a97d-d965ccfc6d4b" outcome="Passed" testListId="8c84fa94-04c1-424b-9868-57a2d4851a1d" relativeResultsDirectory="ebfccd41-d41c-47b0-91b8-bf3379681d5f">
    </UnitTestResult>
    <UnitTestResult executionId="90cb719d-c7d5-4c47-bf46-66e90b4adbd0" testId="0c7509b4-902f-4554-b735-7ec271053641" testName="GenerateCathodePartNumberDNE" computerName="SL0D8WDFJM1" duration="00:00:00.0045209" startTime="2013-01-22T14:47:53.8302201-07:00" endTime="2013-01-22T14:47:53.8472201-07:00" testType="13cdc9d9-ddb5-4fa4-a97d-d965ccfc6d4b" outcome="Passed" testListId="8c84fa94-04c1-424b-9868-57a2d4851a1d" relativeResultsDirectory="90cb719d-c7d5-4c47-bf46-66e90b4adbd0">
    </UnitTestResult>
    <UnitTestResult executionId="4c091a6a-45b0-4aa1-ba8e-cbca2b77c0a0" testId="bc87840b-e139-4c94-1ad7-27b2c39f3a02" testName="GenerateTubeEmployeeIDDNE" computerName="SL0D8WDFJM1" duration="00:00:00.0087000" startTime="2013-01-22T14:47:53.8792201-07:00" endTime="2013-01-22T14:47:53.8942201-07:00" testType="13cdc9d9-ddb5-4fa4-a97d-d965ccfc6d4b" outcome="Passed" testListId="8c84fa94-04c1-424b-9868-57a2d4851a1d" relativeResultsDirectory="4c091a6a-45b0-4aa1-ba8e-cbca2b77c0a0">
    </UnitTestResult>
    <UnitTestResult executionId="daa32b0e-8745-4281-ae4f-0cae5b119bc2" testId="1e6c700a-1a27-94f5-5170-30b50ca89ce4" testName="GenerateCathodeEmployeeIDDNE" computerName="SL0D8WDFJM1" duration="00:00:01.0109016" startTime="2013-01-22T14:47:53.9282201-07:00" endTime="2013-01-22T14:47:54.9452201-07:00" testType="13cdc9d9-ddb5-4fa4-a97d-d965ccfc6d4b" outcome="Passed" testListId="8c84fa94-04c1-424b-9868-57a2d4851a1d" relativeResultsDirectory="daa32b0e-8745-4281-ae4f-0cae5b119bc2">
    </UnitTestResult>
    <UnitTestResult executionId="f1d30ef2-4309-4f53-8a8e-5b5e5233a0da" testId="96ed1dd4-9aa9-2410-b3bb-cdcae994a76a" testName="GetFormDNESerial" computerName="SL0D8WDFJM1" duration="00:00:00.0047091" startTime="2013-01-22T14:47:54.9782201-07:00" endTime="2013-01-22T14:47:54.9882201-07:00" testType="13cdc9d9-ddb5-4fa4-a97d-d965ccfc6d4b" outcome="Passed" testListId="8c84fa94-04c1-424b-9868-57a2d4851a1d" relativeResultsDirectory="f1d30ef2-4309-4f53-8a8e-5b5e5233a0da">
    </UnitTestResult>
    <UnitTestResult executionId="3318820b-1d28-438b-9bc5-7591b43412e8" testId="fd20899b-0142-367f-df69-4b3f05c13030" testName="GetFormDNEEmpID" computerName="SL0D8WDFJM1" duration="00:00:43.0050000" startTime="2013-01-22T14:47:55.0172201-07:00" endTime="2013-01-22T14:48:38.0222201-07:00" testType="13cdc9d9-ddb5-4fa4-a97d-d965ccfc6d4b" outcome="Aborted" testListId="8c84fa94-04c1-424b-9868-57a2d4851a1d" relativeResultsDirectory="3318820b-1d28-438b-9bc5-7591b43412e8">
    </UnitTestResult>
  </Results>
</TestRun>