<?xml version="1.0" encoding="UTF-8"?>
<TestRun id="21bdf541-d39b-4e5d-a666-7be272b7cf1e" name="atruong0@SL0D8WDFJM1 2013-01-24 14:50:35" runUser="VMS\atruong0" xmlns="http://microsoft.com/schemas/VisualStudio/TeamTest/2010">
  <TestSettings name="Local" id="73ec5f96-3290-41df-b6e1-a800b2821207">
    <Description>These are default test settings for a local test run.</Description>
    <Deployment enabled="false" runDeploymentRoot="atruong0_SL0D8WDFJM1 2013-01-24 14_50_35">
      <DeploymentItem filename="C:\Users\atruong0\Documents\Visual Studio 2010\Projects\VT\VT\bin\VT.dll" />
      <DeploymentItem filename="C:\Users\atruong0\Documents\Visual Studio 2010\Projects\VT\packages\EntityFramework.4.1.10331.0\lib\EntityFramework.dll" />
    </Deployment>
    <Execution>
      <TestTypeSpecific />
      <AgentRule name="Execution Agents">
      </AgentRule>
    </Execution>
  </TestSettings>
  <Times creation="2013-01-24T14:50:35.5666655-07:00" queuing="2013-01-24T14:50:36.5827671-07:00" start="2013-01-24T14:50:36.6537742-07:00" finish="2013-01-24T14:50:49.4940581-07:00" />
  <ResultSummary outcome="Error">
    <Counters total="14" executed="5" passed="4" error="0" failed="0" timeout="0" aborted="1" inconclusive="0" passedButRunAborted="0" notRunnable="0" notExecuted="9" disconnected="0" warning="0" completed="0" inProgress="0" pending="0" />
    <RunInfos>
      <RunInfo computerName="SL0D8WDFJM1" outcome="Error" timestamp="2013-01-24T14:50:49.4920579-07:00">
        <Text>Test host process exited unexpectedly.</Text>
      </RunInfo>
    </RunInfos>
  </ResultSummary>
  <TestDefinitions>
    <UnitTest name="GenerateDuplicateCathodeSerialTest" storage="c:\users\atruong0\documents\visual studio 2010\projects\vt\vttestproject\bin\debug\vttestproject.dll" id="af0cafd0-783b-b36f-9e62-72abf58bc4fb">
      <Execution id="66ef3f76-dd7c-4539-81fb-f6c19d409563" />
      <TestMethod codeBase="C:/Users/atruong0/Documents/Visual Studio 2010/Projects/VT/VTTestProject/bin/Debug/VTTestProject.DLL" adapterTypeName="Microsoft.VisualStudio.TestTools.TestTypes.Unit.UnitTestAdapter, Microsoft.VisualStudio.QualityTools.Tips.UnitTest.Adapter, Version=10.0.0.0, Culture=neutral, PublicKeyToken=b03f5f7f11d50a3a" className="VTTestProject.VTLogicModelTest, VTTestProject, Version=1.0.0.0, Culture=neutral, PublicKeyToken=null" name="GenerateDuplicateCathodeSerialTest" />
    </UnitTest>
    <UnitTest name="SubmitFormTest" storage="c:\users\atruong0\documents\visual studio 2010\projects\vt\vttestproject\bin\debug\vttestproject.dll" id="1773c22d-cb5b-e14f-edf5-53b6236cd7d5">
      <Execution id="15e53689-5fef-4072-b8c4-92338659673c" />
      <TestMethod codeBase="C:/Users/atruong0/Documents/Visual Studio 2010/Projects/VT/VTTestProject/bin/Debug/VTTestProject.DLL" adapterTypeName="Microsoft.VisualStudio.TestTools.TestTypes.Unit.UnitTestAdapter, Microsoft.VisualStudio.QualityTools.Tips.UnitTest.Adapter, Version=10.0.0.0, Culture=neutral, PublicKeyToken=b03f5f7f11d50a3a" className="VTTestProject.VTLogicModelTest, VTTestProject, Version=1.0.0.0, Culture=neutral, PublicKeyToken=null" name="SubmitFormTest" />
    </UnitTest>
    <UnitTest name="GetFormCompletedWorkFlowTest" storage="c:\users\atruong0\documents\visual studio 2010\projects\vt\vttestproject\bin\debug\vttestproject.dll" id="f54ea2d6-2150-0a1f-c5bd-e248900054f0">
      <Execution id="a7c3354d-fa30-46e5-9097-96583084eed1" />
      <TestMethod codeBase="C:/Users/atruong0/Documents/Visual Studio 2010/Projects/VT/VTTestProject/bin/Debug/VTTestProject.DLL" adapterTypeName="Microsoft.VisualStudio.TestTools.TestTypes.Unit.UnitTestAdapter, Microsoft.VisualStudio.QualityTools.Tips.UnitTest.Adapter, Version=10.0.0.0, Culture=neutral, PublicKeyToken=b03f5f7f11d50a3a" className="VTTestProject.VTLogicModelTest, VTTestProject, Version=1.0.0.0, Culture=neutral, PublicKeyToken=null" name="GetFormCompletedWorkFlowTest" />
    </UnitTest>
    <UnitTest name="SubmitFormCheckBoxTest" storage="c:\users\atruong0\documents\visual studio 2010\projects\vt\vttestproject\bin\debug\vttestproject.dll" id="f554fd97-e28b-39c7-4e83-21da5404ca50">
      <Execution id="ed81727a-6de2-4353-b028-8ab1196d156c" />
      <TestMethod codeBase="C:/Users/atruong0/Documents/Visual Studio 2010/Projects/VT/VTTestProject/bin/Debug/VTTestProject.DLL" adapterTypeName="Microsoft.VisualStudio.TestTools.TestTypes.Unit.UnitTestAdapter, Microsoft.VisualStudio.QualityTools.Tips.UnitTest.Adapter, Version=10.0.0.0, Culture=neutral, PublicKeyToken=b03f5f7f11d50a3a" className="VTTestProject.VTLogicModelTest, VTTestProject, Version=1.0.0.0, Culture=neutral, PublicKeyToken=null" name="SubmitFormCheckBoxTest" />
    </UnitTest>
    <UnitTest name="GetFormDNESerialTest" storage="c:\users\atruong0\documents\visual studio 2010\projects\vt\vttestproject\bin\debug\vttestproject.dll" id="129b133b-3cf5-33ce-13bf-ae312d78b677">
      <Execution id="9301d26d-8323-4e33-ae3f-0e3b2827ebc8" />
      <TestMethod codeBase="C:/Users/atruong0/Documents/Visual Studio 2010/Projects/VT/VTTestProject/bin/Debug/VTTestProject.DLL" adapterTypeName="Microsoft.VisualStudio.TestTools.TestTypes.Unit.UnitTestAdapter, Microsoft.VisualStudio.QualityTools.Tips.UnitTest.Adapter, Version=10.0.0.0, Culture=neutral, PublicKeyToken=b03f5f7f11d50a3a" className="VTTestProject.VTLogicModelTest, VTTestProject, Version=1.0.0.0, Culture=neutral, PublicKeyToken=null" name="GetFormDNESerialTest" />
    </UnitTest>
    <UnitTest name="GenerateTubePartNumberDNE" storage="c:\users\atruong0\documents\visual studio 2010\projects\vt\vttestproject\bin\debug\vttestproject.dll" id="33bc03f4-5911-abf3-3327-17c201eb4ca6">
      <Execution id="a977424b-cd03-4648-946e-222036eb75b5" />
      <TestMethod codeBase="C:/Users/atruong0/Documents/Visual Studio 2010/Projects/VT/VTTestProject/bin/Debug/VTTestProject.DLL" adapterTypeName="Microsoft.VisualStudio.TestTools.TestTypes.Unit.UnitTestAdapter, Microsoft.VisualStudio.QualityTools.Tips.UnitTest.Adapter, Version=10.0.0.0, Culture=neutral, PublicKeyToken=b03f5f7f11d50a3a" className="VTTestProject.VTLogicModelTest, VTTestProject, Version=1.0.0.0, Culture=neutral, PublicKeyToken=null" name="GenerateTubePartNumberDNE" />
    </UnitTest>
    <UnitTest name="GenerateCathodePartNumberDNE" storage="c:\users\atruong0\documents\visual studio 2010\projects\vt\vttestproject\bin\debug\vttestproject.dll" id="0c7509b4-902f-4554-b735-7ec271053641">
      <Execution id="7d10ba19-8316-4c98-92ae-35318c33fad1" />
      <TestMethod codeBase="C:/Users/atruong0/Documents/Visual Studio 2010/Projects/VT/VTTestProject/bin/Debug/VTTestProject.DLL" adapterTypeName="Microsoft.VisualStudio.TestTools.TestTypes.Unit.UnitTestAdapter, Microsoft.VisualStudio.QualityTools.Tips.UnitTest.Adapter, Version=10.0.0.0, Culture=neutral, PublicKeyToken=b03f5f7f11d50a3a" className="VTTestProject.VTLogicModelTest, VTTestProject, Version=1.0.0.0, Culture=neutral, PublicKeyToken=null" name="GenerateCathodePartNumberDNE" />
    </UnitTest>
    <UnitTest name="GenerateDuplicateTubeSerialTest" storage="c:\users\atruong0\documents\visual studio 2010\projects\vt\vttestproject\bin\debug\vttestproject.dll" id="9725848f-b700-87d6-99ee-e1846bd68398">
      <Execution id="3cedac03-4b49-4589-8521-bd805ad7882c" />
      <TestMethod codeBase="C:/Users/atruong0/Documents/Visual Studio 2010/Projects/VT/VTTestProject/bin/Debug/VTTestProject.DLL" adapterTypeName="Microsoft.VisualStudio.TestTools.TestTypes.Unit.UnitTestAdapter, Microsoft.VisualStudio.QualityTools.Tips.UnitTest.Adapter, Version=10.0.0.0, Culture=neutral, PublicKeyToken=b03f5f7f11d50a3a" className="VTTestProject.VTLogicModelTest, VTTestProject, Version=1.0.0.0, Culture=neutral, PublicKeyToken=null" name="GenerateDuplicateTubeSerialTest" />
    </UnitTest>
    <UnitTest name="GenerateCathodeSerialTest" storage="c:\users\atruong0\documents\visual studio 2010\projects\vt\vttestproject\bin\debug\vttestproject.dll" id="e2e468b9-92f7-db72-c85c-e1b422059e2c">
      <Execution id="04534337-9ad0-4e78-b5e7-2585a675511e" />
      <TestMethod codeBase="C:/Users/atruong0/Documents/Visual Studio 2010/Projects/VT/VTTestProject/bin/Debug/VTTestProject.DLL" adapterTypeName="Microsoft.VisualStudio.TestTools.TestTypes.Unit.UnitTestAdapter, Microsoft.VisualStudio.QualityTools.Tips.UnitTest.Adapter, Version=10.0.0.0, Culture=neutral, PublicKeyToken=b03f5f7f11d50a3a" className="VTTestProject.VTLogicModelTest, VTTestProject, Version=1.0.0.0, Culture=neutral, PublicKeyToken=null" name="GenerateCathodeSerialTest" />
    </UnitTest>
    <UnitTest name="GenerateTubeSerialTest" storage="c:\users\atruong0\documents\visual studio 2010\projects\vt\vttestproject\bin\debug\vttestproject.dll" id="309e52b5-e9a8-539b-3ebf-5a66cbb4d81a">
      <Execution id="4b58df52-3351-4513-86d8-97b4b09b775f" />
      <TestMethod codeBase="C:/Users/atruong0/Documents/Visual Studio 2010/Projects/VT/VTTestProject/bin/Debug/VTTestProject.DLL" adapterTypeName="Microsoft.VisualStudio.TestTools.TestTypes.Unit.UnitTestAdapter, Microsoft.VisualStudio.QualityTools.Tips.UnitTest.Adapter, Version=10.0.0.0, Culture=neutral, PublicKeyToken=b03f5f7f11d50a3a" className="VTTestProject.VTLogicModelTest, VTTestProject, Version=1.0.0.0, Culture=neutral, PublicKeyToken=null" name="GenerateTubeSerialTest" />
    </UnitTest>
    <UnitTest name="GetFormTest" storage="c:\users\atruong0\documents\visual studio 2010\projects\vt\vttestproject\bin\debug\vttestproject.dll" id="594fd9ed-7823-da9d-1465-bd69f2ada8dc">
      <Execution id="db61daa7-28fa-4fa6-b8b4-bdae8e6251e4" />
      <TestMethod codeBase="C:/Users/atruong0/Documents/Visual Studio 2010/Projects/VT/VTTestProject/bin/Debug/VTTestProject.DLL" adapterTypeName="Microsoft.VisualStudio.TestTools.TestTypes.Unit.UnitTestAdapter, Microsoft.VisualStudio.QualityTools.Tips.UnitTest.Adapter, Version=10.0.0.0, Culture=neutral, PublicKeyToken=b03f5f7f11d50a3a" className="VTTestProject.VTLogicModelTest, VTTestProject, Version=1.0.0.0, Culture=neutral, PublicKeyToken=null" name="GetFormTest" />
    </UnitTest>
    <UnitTest name="GenerateTubeEmployeeIDDNE" storage="c:\users\atruong0\documents\visual studio 2010\projects\vt\vttestproject\bin\debug\vttestproject.dll" id="bc87840b-e139-4c94-1ad7-27b2c39f3a02">
      <Execution id="42c3809b-c307-4950-be2f-17809090d93f" />
      <TestMethod codeBase="C:/Users/atruong0/Documents/Visual Studio 2010/Projects/VT/VTTestProject/bin/Debug/VTTestProject.DLL" adapterTypeName="Microsoft.VisualStudio.TestTools.TestTypes.Unit.UnitTestAdapter, Microsoft.VisualStudio.QualityTools.Tips.UnitTest.Adapter, Version=10.0.0.0, Culture=neutral, PublicKeyToken=b03f5f7f11d50a3a" className="VTTestProject.VTLogicModelTest, VTTestProject, Version=1.0.0.0, Culture=neutral, PublicKeyToken=null" name="GenerateTubeEmployeeIDDNE" />
    </UnitTest>
    <UnitTest name="GenerateCathodeEmployeeIDDNE" storage="c:\users\atruong0\documents\visual studio 2010\projects\vt\vttestproject\bin\debug\vttestproject.dll" id="1e6c700a-1a27-94f5-5170-30b50ca89ce4">
      <Execution id="cf49a7d6-5f6b-4f9f-a9f7-4611399b1121" />
      <TestMethod codeBase="C:/Users/atruong0/Documents/Visual Studio 2010/Projects/VT/VTTestProject/bin/Debug/VTTestProject.DLL" adapterTypeName="Microsoft.VisualStudio.TestTools.TestTypes.Unit.UnitTestAdapter, Microsoft.VisualStudio.QualityTools.Tips.UnitTest.Adapter, Version=10.0.0.0, Culture=neutral, PublicKeyToken=b03f5f7f11d50a3a" className="VTTestProject.VTLogicModelTest, VTTestProject, Version=1.0.0.0, Culture=neutral, PublicKeyToken=null" name="GenerateCathodeEmployeeIDDNE" />
    </UnitTest>
    <UnitTest name="GetFormDNEEmpIDTest" storage="c:\users\atruong0\documents\visual studio 2010\projects\vt\vttestproject\bin\debug\vttestproject.dll" id="f2b911a8-c6b5-155e-5f17-7bb30b4c23f2">
      <Execution id="022514dd-7b60-48e3-88e2-f6a70e33bb49" />
      <TestMethod codeBase="C:/Users/atruong0/Documents/Visual Studio 2010/Projects/VT/VTTestProject/bin/Debug/VTTestProject.DLL" adapterTypeName="Microsoft.VisualStudio.TestTools.TestTypes.Unit.UnitTestAdapter, Microsoft.VisualStudio.QualityTools.Tips.UnitTest.Adapter, Version=10.0.0.0, Culture=neutral, PublicKeyToken=b03f5f7f11d50a3a" className="VTTestProject.VTLogicModelTest, VTTestProject, Version=1.0.0.0, Culture=neutral, PublicKeyToken=null" name="GetFormDNEEmpIDTest" />
    </UnitTest>
  </TestDefinitions>
  <TestLists>
    <TestList name="Results Not in a List" id="8c84fa94-04c1-424b-9868-57a2d4851a1d" />
    <TestList name="All Loaded Results" id="19431567-8539-422a-85d7-44ee4e166bda" />
  </TestLists>
  <TestEntries>
    <TestEntry testId="309e52b5-e9a8-539b-3ebf-5a66cbb4d81a" executionId="4b58df52-3351-4513-86d8-97b4b09b775f" testListId="8c84fa94-04c1-424b-9868-57a2d4851a1d" />
    <TestEntry testId="9725848f-b700-87d6-99ee-e1846bd68398" executionId="3cedac03-4b49-4589-8521-bd805ad7882c" testListId="8c84fa94-04c1-424b-9868-57a2d4851a1d" />
    <TestEntry testId="33bc03f4-5911-abf3-3327-17c201eb4ca6" executionId="a977424b-cd03-4648-946e-222036eb75b5" testListId="8c84fa94-04c1-424b-9868-57a2d4851a1d" />
    <TestEntry testId="0c7509b4-902f-4554-b735-7ec271053641" executionId="7d10ba19-8316-4c98-92ae-35318c33fad1" testListId="8c84fa94-04c1-424b-9868-57a2d4851a1d" />
    <TestEntry testId="bc87840b-e139-4c94-1ad7-27b2c39f3a02" executionId="42c3809b-c307-4950-be2f-17809090d93f" testListId="8c84fa94-04c1-424b-9868-57a2d4851a1d" />
    <TestEntry testId="1e6c700a-1a27-94f5-5170-30b50ca89ce4" executionId="cf49a7d6-5f6b-4f9f-a9f7-4611399b1121" testListId="8c84fa94-04c1-424b-9868-57a2d4851a1d" />
    <TestEntry testId="e2e468b9-92f7-db72-c85c-e1b422059e2c" executionId="04534337-9ad0-4e78-b5e7-2585a675511e" testListId="8c84fa94-04c1-424b-9868-57a2d4851a1d" />
    <TestEntry testId="af0cafd0-783b-b36f-9e62-72abf58bc4fb" executionId="66ef3f76-dd7c-4539-81fb-f6c19d409563" testListId="8c84fa94-04c1-424b-9868-57a2d4851a1d" />
    <TestEntry testId="594fd9ed-7823-da9d-1465-bd69f2ada8dc" executionId="db61daa7-28fa-4fa6-b8b4-bdae8e6251e4" testListId="8c84fa94-04c1-424b-9868-57a2d4851a1d" />
    <TestEntry testId="129b133b-3cf5-33ce-13bf-ae312d78b677" executionId="9301d26d-8323-4e33-ae3f-0e3b2827ebc8" testListId="8c84fa94-04c1-424b-9868-57a2d4851a1d" />
    <TestEntry testId="f2b911a8-c6b5-155e-5f17-7bb30b4c23f2" executionId="022514dd-7b60-48e3-88e2-f6a70e33bb49" testListId="8c84fa94-04c1-424b-9868-57a2d4851a1d" />
    <TestEntry testId="f54ea2d6-2150-0a1f-c5bd-e248900054f0" executionId="a7c3354d-fa30-46e5-9097-96583084eed1" testListId="8c84fa94-04c1-424b-9868-57a2d4851a1d" />
    <TestEntry testId="1773c22d-cb5b-e14f-edf5-53b6236cd7d5" executionId="15e53689-5fef-4072-b8c4-92338659673c" testListId="8c84fa94-04c1-424b-9868-57a2d4851a1d" />
    <TestEntry testId="f554fd97-e28b-39c7-4e83-21da5404ca50" executionId="ed81727a-6de2-4353-b028-8ab1196d156c" testListId="8c84fa94-04c1-424b-9868-57a2d4851a1d" />
  </TestEntries>
  <Results>
    <UnitTestResult executionId="4b58df52-3351-4513-86d8-97b4b09b775f" testId="309e52b5-e9a8-539b-3ebf-5a66cbb4d81a" testName="GenerateTubeSerialTest" computerName="SL0D8WDFJM1" duration="00:00:00.3179429" startTime="2013-01-24T14:50:36.7167805-07:00" endTime="2013-01-24T14:50:38.1419230-07:00" testType="13cdc9d9-ddb5-4fa4-a97d-d965ccfc6d4b" outcome="Passed" testListId="8c84fa94-04c1-424b-9868-57a2d4851a1d" relativeResultsDirectory="4b58df52-3351-4513-86d8-97b4b09b775f">
    </UnitTestResult>
    <UnitTestResult executionId="3cedac03-4b49-4589-8521-bd805ad7882c" testId="9725848f-b700-87d6-99ee-e1846bd68398" testName="GenerateDuplicateTubeSerialTest" computerName="SL0D8WDFJM1" duration="00:00:00.0061244" startTime="2013-01-24T14:50:38.1569245-07:00" endTime="2013-01-24T14:50:38.1679256-07:00" testType="13cdc9d9-ddb5-4fa4-a97d-d965ccfc6d4b" outcome="Passed" testListId="8c84fa94-04c1-424b-9868-57a2d4851a1d" relativeResultsDirectory="3cedac03-4b49-4589-8521-bd805ad7882c">
    </UnitTestResult>
    <UnitTestResult executionId="a977424b-cd03-4648-946e-222036eb75b5" testId="33bc03f4-5911-abf3-3327-17c201eb4ca6" testName="GenerateTubePartNumberDNE" computerName="SL0D8WDFJM1" duration="00:00:00.0041688" startTime="2013-01-24T14:50:38.1749263-07:00" endTime="2013-01-24T14:50:38.1859274-07:00" testType="13cdc9d9-ddb5-4fa4-a97d-d965ccfc6d4b" outcome="Passed" testListId="8c84fa94-04c1-424b-9868-57a2d4851a1d" relativeResultsDirectory="a977424b-cd03-4648-946e-222036eb75b5">
    </UnitTestResult>
    <UnitTestResult executionId="7d10ba19-8316-4c98-92ae-35318c33fad1" testId="0c7509b4-902f-4554-b735-7ec271053641" testName="GenerateCathodePartNumberDNE" computerName="SL0D8WDFJM1" duration="00:00:00.0044124" startTime="2013-01-24T14:50:38.1919280-07:00" endTime="2013-01-24T14:50:38.2029291-07:00" testType="13cdc9d9-ddb5-4fa4-a97d-d965ccfc6d4b" outcome="Passed" testListId="8c84fa94-04c1-424b-9868-57a2d4851a1d" relativeResultsDirectory="7d10ba19-8316-4c98-92ae-35318c33fad1">
    </UnitTestResult>
    <UnitTestResult executionId="42c3809b-c307-4950-be2f-17809090d93f" testId="bc87840b-e139-4c94-1ad7-27b2c39f3a02" testName="GenerateTubeEmployeeIDDNE" computerName="SL0D8WDFJM1" duration="00:00:11.2831282" startTime="2013-01-24T14:50:38.2109299-07:00" endTime="2013-01-24T14:50:49.4940581-07:00" testType="13cdc9d9-ddb5-4fa4-a97d-d965ccfc6d4b" outcome="Aborted" testListId="8c84fa94-04c1-424b-9868-57a2d4851a1d" relativeResultsDirectory="42c3809b-c307-4950-be2f-17809090d93f">
    </UnitTestResult>
    <UnitTestResult executionId="cf49a7d6-5f6b-4f9f-a9f7-4611399b1121" testId="1e6c700a-1a27-94f5-5170-30b50ca89ce4" testName="GenerateCathodeEmployeeIDDNE" computerName="SL0D8WDFJM1" testType="13cdc9d9-ddb5-4fa4-a97d-d965ccfc6d4b" outcome="NotExecuted" testListId="8c84fa94-04c1-424b-9868-57a2d4851a1d" relativeResultsDirectory="cf49a7d6-5f6b-4f9f-a9f7-4611399b1121">
    </UnitTestResult>
    <UnitTestResult executionId="04534337-9ad0-4e78-b5e7-2585a675511e" testId="e2e468b9-92f7-db72-c85c-e1b422059e2c" testName="GenerateCathodeSerialTest" computerName="SL0D8WDFJM1" testType="13cdc9d9-ddb5-4fa4-a97d-d965ccfc6d4b" outcome="NotExecuted" testListId="8c84fa94-04c1-424b-9868-57a2d4851a1d" relativeResultsDirectory="04534337-9ad0-4e78-b5e7-2585a675511e">
    </UnitTestResult>
    <UnitTestResult executionId="66ef3f76-dd7c-4539-81fb-f6c19d409563" testId="af0cafd0-783b-b36f-9e62-72abf58bc4fb" testName="GenerateDuplicateCathodeSerialTest" computerName="SL0D8WDFJM1" testType="13cdc9d9-ddb5-4fa4-a97d-d965ccfc6d4b" outcome="NotExecuted" testListId="8c84fa94-04c1-424b-9868-57a2d4851a1d" relativeResultsDirectory="66ef3f76-dd7c-4539-81fb-f6c19d409563">
    </UnitTestResult>
    <UnitTestResult executionId="db61daa7-28fa-4fa6-b8b4-bdae8e6251e4" testId="594fd9ed-7823-da9d-1465-bd69f2ada8dc" testName="GetFormTest" computerName="SL0D8WDFJM1" testType="13cdc9d9-ddb5-4fa4-a97d-d965ccfc6d4b" outcome="NotExecuted" testListId="8c84fa94-04c1-424b-9868-57a2d4851a1d" relativeResultsDirectory="db61daa7-28fa-4fa6-b8b4-bdae8e6251e4">
    </UnitTestResult>
    <UnitTestResult executionId="9301d26d-8323-4e33-ae3f-0e3b2827ebc8" testId="129b133b-3cf5-33ce-13bf-ae312d78b677" testName="GetFormDNESerialTest" computerName="SL0D8WDFJM1" testType="13cdc9d9-ddb5-4fa4-a97d-d965ccfc6d4b" outcome="NotExecuted" testListId="8c84fa94-04c1-424b-9868-57a2d4851a1d" relativeResultsDirectory="9301d26d-8323-4e33-ae3f-0e3b2827ebc8">
    </UnitTestResult>
    <UnitTestResult executionId="022514dd-7b60-48e3-88e2-f6a70e33bb49" testId="f2b911a8-c6b5-155e-5f17-7bb30b4c23f2" testName="GetFormDNEEmpIDTest" computerName="SL0D8WDFJM1" testType="13cdc9d9-ddb5-4fa4-a97d-d965ccfc6d4b" outcome="NotExecuted" testListId="8c84fa94-04c1-424b-9868-57a2d4851a1d" relativeResultsDirectory="022514dd-7b60-48e3-88e2-f6a70e33bb49">
    </UnitTestResult>
    <UnitTestResult executionId="a7c3354d-fa30-46e5-9097-96583084eed1" testId="f54ea2d6-2150-0a1f-c5bd-e248900054f0" testName="GetFormCompletedWorkFlowTest" computerName="SL0D8WDFJM1" testType="13cdc9d9-ddb5-4fa4-a97d-d965ccfc6d4b" outcome="NotExecuted" testListId="8c84fa94-04c1-424b-9868-57a2d4851a1d" relativeResultsDirectory="a7c3354d-fa30-46e5-9097-96583084eed1">
    </UnitTestResult>
    <UnitTestResult executionId="15e53689-5fef-4072-b8c4-92338659673c" testId="1773c22d-cb5b-e14f-edf5-53b6236cd7d5" testName="SubmitFormTest" computerName="SL0D8WDFJM1" testType="13cdc9d9-ddb5-4fa4-a97d-d965ccfc6d4b" outcome="NotExecuted" testListId="8c84fa94-04c1-424b-9868-57a2d4851a1d" relativeResultsDirectory="15e53689-5fef-4072-b8c4-92338659673c">
    </UnitTestResult>
    <UnitTestResult executionId="ed81727a-6de2-4353-b028-8ab1196d156c" testId="f554fd97-e28b-39c7-4e83-21da5404ca50" testName="SubmitFormCheckBoxTest" computerName="SL0D8WDFJM1" testType="13cdc9d9-ddb5-4fa4-a97d-d965ccfc6d4b" outcome="NotExecuted" testListId="8c84fa94-04c1-424b-9868-57a2d4851a1d" relativeResultsDirectory="ed81727a-6de2-4353-b028-8ab1196d156c">
    </UnitTestResult>
  </Results>
</TestRun>