<?xml version="1.0" encoding="UTF-8"?>
<TestRun id="4ec47eb9-a18c-4cb4-8098-639e9903c673" name="atruong0@SL0D8WDFJM1 2013-01-24 16:03:59" runUser="VMS\atruong0" xmlns="http://microsoft.com/schemas/VisualStudio/TeamTest/2010">
  <TestSettings name="Local" id="73ec5f96-3290-41df-b6e1-a800b2821207">
    <Description>These are default test settings for a local test run.</Description>
    <Deployment enabled="false" runDeploymentRoot="atruong0_SL0D8WDFJM1 2013-01-24 16_03_59">
      <DeploymentItem filename="C:\Users\atruong0\Documents\Visual Studio 2010\Projects\VT\VT\bin\VT.dll" />
      <DeploymentItem filename="C:\Users\atruong0\Documents\Visual Studio 2010\Projects\VT\packages\EntityFramework.4.1.10331.0\lib\EntityFramework.dll" />
    </Deployment>
    <Execution>
      <TestTypeSpecific />
      <AgentRule name="Execution Agents">
      </AgentRule>
    </Execution>
  </TestSettings>
  <Times creation="2013-01-24T16:03:59.5469971-07:00" queuing="2013-01-24T16:04:00.8128705-07:00" start="2013-01-24T16:04:00.8878630-07:00" finish="2013-01-24T16:06:08.0361469-07:00" />
  <ResultSummary outcome="Error">
    <Counters total="16" executed="15" passed="14" error="0" failed="0" timeout="0" aborted="1" inconclusive="0" passedButRunAborted="0" notRunnable="0" notExecuted="1" disconnected="0" warning="0" completed="0" inProgress="0" pending="0" />
    <RunInfos>
      <RunInfo computerName="SL0D8WDFJM1" outcome="Error" timestamp="2013-01-24T16:06:08.0341471-07:00">
        <Text>Test host process exited unexpectedly.</Text>
      </RunInfo>
    </RunInfos>
  </ResultSummary>
  <TestDefinitions>
    <UnitTest name="GenerateDuplicateCathodeSerialTest" storage="c:\users\atruong0\documents\visual studio 2010\projects\vt\vttestproject\bin\debug\vttestproject.dll" id="af0cafd0-783b-b36f-9e62-72abf58bc4fb">
      <Execution id="d5b291a0-d913-46ed-8663-80cb4e343604" />
      <TestMethod codeBase="C:/Users/atruong0/Documents/Visual Studio 2010/Projects/VT/VTTestProject/bin/Debug/VTTestProject.DLL" adapterTypeName="Microsoft.VisualStudio.TestTools.TestTypes.Unit.UnitTestAdapter, Microsoft.VisualStudio.QualityTools.Tips.UnitTest.Adapter, Version=10.0.0.0, Culture=neutral, PublicKeyToken=b03f5f7f11d50a3a" className="VTTestProject.VTLogicModelTest, VTTestProject, Version=1.0.0.0, Culture=neutral, PublicKeyToken=null" name="GenerateDuplicateCathodeSerialTest" />
    </UnitTest>
    <UnitTest name="SubmitOutOfSpec" storage="c:\users\atruong0\documents\visual studio 2010\projects\vt\vttestproject\bin\debug\vttestproject.dll" id="7ea10a71-539c-482a-a1fa-66c43c50aac1">
      <Execution id="86d2f0d7-ab05-4cea-96bf-3c20d0fb54a2" />
      <TestMethod codeBase="C:/Users/atruong0/Documents/Visual Studio 2010/Projects/VT/VTTestProject/bin/Debug/VTTestProject.DLL" adapterTypeName="Microsoft.VisualStudio.TestTools.TestTypes.Unit.UnitTestAdapter, Microsoft.VisualStudio.QualityTools.Tips.UnitTest.Adapter, Version=10.0.0.0, Culture=neutral, PublicKeyToken=b03f5f7f11d50a3a" className="VTTestProject.VTLogicModelTest, VTTestProject, Version=1.0.0.0, Culture=neutral, PublicKeyToken=null" name="SubmitOutOfSpec" />
    </UnitTest>
    <UnitTest name="SubmitFormTest" storage="c:\users\atruong0\documents\visual studio 2010\projects\vt\vttestproject\bin\debug\vttestproject.dll" id="1773c22d-cb5b-e14f-edf5-53b6236cd7d5">
      <Execution id="10a41392-940e-4545-ae7a-1a29ac1fed73" />
      <TestMethod codeBase="C:/Users/atruong0/Documents/Visual Studio 2010/Projects/VT/VTTestProject/bin/Debug/VTTestProject.DLL" adapterTypeName="Microsoft.VisualStudio.TestTools.TestTypes.Unit.UnitTestAdapter, Microsoft.VisualStudio.QualityTools.Tips.UnitTest.Adapter, Version=10.0.0.0, Culture=neutral, PublicKeyToken=b03f5f7f11d50a3a" className="VTTestProject.VTLogicModelTest, VTTestProject, Version=1.0.0.0, Culture=neutral, PublicKeyToken=null" name="SubmitFormTest" />
    </UnitTest>
    <UnitTest name="GetFormCompletedWorkFlowTest" storage="c:\users\atruong0\documents\visual studio 2010\projects\vt\vttestproject\bin\debug\vttestproject.dll" id="f54ea2d6-2150-0a1f-c5bd-e248900054f0">
      <Execution id="a695cc4f-3ec1-41f7-af64-12edcd4424d6" />
      <TestMethod codeBase="C:/Users/atruong0/Documents/Visual Studio 2010/Projects/VT/VTTestProject/bin/Debug/VTTestProject.DLL" adapterTypeName="Microsoft.VisualStudio.TestTools.TestTypes.Unit.UnitTestAdapter, Microsoft.VisualStudio.QualityTools.Tips.UnitTest.Adapter, Version=10.0.0.0, Culture=neutral, PublicKeyToken=b03f5f7f11d50a3a" className="VTTestProject.VTLogicModelTest, VTTestProject, Version=1.0.0.0, Culture=neutral, PublicKeyToken=null" name="GetFormCompletedWorkFlowTest" />
    </UnitTest>
    <UnitTest name="SubmitFormCheckBoxTest" storage="c:\users\atruong0\documents\visual studio 2010\projects\vt\vttestproject\bin\debug\vttestproject.dll" id="f554fd97-e28b-39c7-4e83-21da5404ca50">
      <Execution id="e107eaf5-6a1f-4103-8a57-79fd12e22e02" />
      <TestMethod codeBase="C:/Users/atruong0/Documents/Visual Studio 2010/Projects/VT/VTTestProject/bin/Debug/VTTestProject.DLL" adapterTypeName="Microsoft.VisualStudio.TestTools.TestTypes.Unit.UnitTestAdapter, Microsoft.VisualStudio.QualityTools.Tips.UnitTest.Adapter, Version=10.0.0.0, Culture=neutral, PublicKeyToken=b03f5f7f11d50a3a" className="VTTestProject.VTLogicModelTest, VTTestProject, Version=1.0.0.0, Culture=neutral, PublicKeyToken=null" name="SubmitFormCheckBoxTest" />
    </UnitTest>
    <UnitTest name="GetFormDNESerialTest" storage="c:\users\atruong0\documents\visual studio 2010\projects\vt\vttestproject\bin\debug\vttestproject.dll" id="129b133b-3cf5-33ce-13bf-ae312d78b677">
      <Execution id="90858e71-2234-4e98-9097-fcadf86a42ab" />
      <TestMethod codeBase="C:/Users/atruong0/Documents/Visual Studio 2010/Projects/VT/VTTestProject/bin/Debug/VTTestProject.DLL" adapterTypeName="Microsoft.VisualStudio.TestTools.TestTypes.Unit.UnitTestAdapter, Microsoft.VisualStudio.QualityTools.Tips.UnitTest.Adapter, Version=10.0.0.0, Culture=neutral, PublicKeyToken=b03f5f7f11d50a3a" className="VTTestProject.VTLogicModelTest, VTTestProject, Version=1.0.0.0, Culture=neutral, PublicKeyToken=null" name="GetFormDNESerialTest" />
    </UnitTest>
    <UnitTest name="GenerateTubePartNumberDNE" storage="c:\users\atruong0\documents\visual studio 2010\projects\vt\vttestproject\bin\debug\vttestproject.dll" id="33bc03f4-5911-abf3-3327-17c201eb4ca6">
      <Execution id="d26afae9-766b-4f40-8e0b-041e5d204307" />
      <TestMethod codeBase="C:/Users/atruong0/Documents/Visual Studio 2010/Projects/VT/VTTestProject/bin/Debug/VTTestProject.DLL" adapterTypeName="Microsoft.VisualStudio.TestTools.TestTypes.Unit.UnitTestAdapter, Microsoft.VisualStudio.QualityTools.Tips.UnitTest.Adapter, Version=10.0.0.0, Culture=neutral, PublicKeyToken=b03f5f7f11d50a3a" className="VTTestProject.VTLogicModelTest, VTTestProject, Version=1.0.0.0, Culture=neutral, PublicKeyToken=null" name="GenerateTubePartNumberDNE" />
    </UnitTest>
    <UnitTest name="GenerateCathodePartNumberDNE" storage="c:\users\atruong0\documents\visual studio 2010\projects\vt\vttestproject\bin\debug\vttestproject.dll" id="0c7509b4-902f-4554-b735-7ec271053641">
      <Execution id="4783a04c-5ce3-4689-9633-6afc2bfa7e6a" />
      <TestMethod codeBase="C:/Users/atruong0/Documents/Visual Studio 2010/Projects/VT/VTTestProject/bin/Debug/VTTestProject.DLL" adapterTypeName="Microsoft.VisualStudio.TestTools.TestTypes.Unit.UnitTestAdapter, Microsoft.VisualStudio.QualityTools.Tips.UnitTest.Adapter, Version=10.0.0.0, Culture=neutral, PublicKeyToken=b03f5f7f11d50a3a" className="VTTestProject.VTLogicModelTest, VTTestProject, Version=1.0.0.0, Culture=neutral, PublicKeyToken=null" name="GenerateCathodePartNumberDNE" />
    </UnitTest>
    <UnitTest name="GenerateDuplicateTubeSerialTest" storage="c:\users\atruong0\documents\visual studio 2010\projects\vt\vttestproject\bin\debug\vttestproject.dll" id="9725848f-b700-87d6-99ee-e1846bd68398">
      <Execution id="d46f8881-8011-4621-8693-d09d65cd0f66" />
      <TestMethod codeBase="C:/Users/atruong0/Documents/Visual Studio 2010/Projects/VT/VTTestProject/bin/Debug/VTTestProject.DLL" adapterTypeName="Microsoft.VisualStudio.TestTools.TestTypes.Unit.UnitTestAdapter, Microsoft.VisualStudio.QualityTools.Tips.UnitTest.Adapter, Version=10.0.0.0, Culture=neutral, PublicKeyToken=b03f5f7f11d50a3a" className="VTTestProject.VTLogicModelTest, VTTestProject, Version=1.0.0.0, Culture=neutral, PublicKeyToken=null" name="GenerateDuplicateTubeSerialTest" />
    </UnitTest>
    <UnitTest name="GenerateCathodeSerialTest" storage="c:\users\atruong0\documents\visual studio 2010\projects\vt\vttestproject\bin\debug\vttestproject.dll" id="e2e468b9-92f7-db72-c85c-e1b422059e2c">
      <Execution id="1598ed00-ebf3-4fbc-89db-94109f6a1191" />
      <TestMethod codeBase="C:/Users/atruong0/Documents/Visual Studio 2010/Projects/VT/VTTestProject/bin/Debug/VTTestProject.DLL" adapterTypeName="Microsoft.VisualStudio.TestTools.TestTypes.Unit.UnitTestAdapter, Microsoft.VisualStudio.QualityTools.Tips.UnitTest.Adapter, Version=10.0.0.0, Culture=neutral, PublicKeyToken=b03f5f7f11d50a3a" className="VTTestProject.VTLogicModelTest, VTTestProject, Version=1.0.0.0, Culture=neutral, PublicKeyToken=null" name="GenerateCathodeSerialTest" />
    </UnitTest>
    <UnitTest name="GenerateTubeSerialTest" storage="c:\users\atruong0\documents\visual studio 2010\projects\vt\vttestproject\bin\debug\vttestproject.dll" id="309e52b5-e9a8-539b-3ebf-5a66cbb4d81a">
      <Execution id="a573d7cc-3184-4f45-9bf8-9edb5dfcdac5" />
      <TestMethod codeBase="C:/Users/atruong0/Documents/Visual Studio 2010/Projects/VT/VTTestProject/bin/Debug/VTTestProject.DLL" adapterTypeName="Microsoft.VisualStudio.TestTools.TestTypes.Unit.UnitTestAdapter, Microsoft.VisualStudio.QualityTools.Tips.UnitTest.Adapter, Version=10.0.0.0, Culture=neutral, PublicKeyToken=b03f5f7f11d50a3a" className="VTTestProject.VTLogicModelTest, VTTestProject, Version=1.0.0.0, Culture=neutral, PublicKeyToken=null" name="GenerateTubeSerialTest" />
    </UnitTest>
    <UnitTest name="GetFormTest" storage="c:\users\atruong0\documents\visual studio 2010\projects\vt\vttestproject\bin\debug\vttestproject.dll" id="594fd9ed-7823-da9d-1465-bd69f2ada8dc">
      <Execution id="9cf46a26-7dc0-4ec4-9411-337331022478" />
      <TestMethod codeBase="C:/Users/atruong0/Documents/Visual Studio 2010/Projects/VT/VTTestProject/bin/Debug/VTTestProject.DLL" adapterTypeName="Microsoft.VisualStudio.TestTools.TestTypes.Unit.UnitTestAdapter, Microsoft.VisualStudio.QualityTools.Tips.UnitTest.Adapter, Version=10.0.0.0, Culture=neutral, PublicKeyToken=b03f5f7f11d50a3a" className="VTTestProject.VTLogicModelTest, VTTestProject, Version=1.0.0.0, Culture=neutral, PublicKeyToken=null" name="GetFormTest" />
    </UnitTest>
    <UnitTest name="GenerateTubeEmployeeIDDNE" storage="c:\users\atruong0\documents\visual studio 2010\projects\vt\vttestproject\bin\debug\vttestproject.dll" id="bc87840b-e139-4c94-1ad7-27b2c39f3a02">
      <Execution id="ed3c4f56-1c4f-49ed-9be3-ab251c062a69" />
      <TestMethod codeBase="C:/Users/atruong0/Documents/Visual Studio 2010/Projects/VT/VTTestProject/bin/Debug/VTTestProject.DLL" adapterTypeName="Microsoft.VisualStudio.TestTools.TestTypes.Unit.UnitTestAdapter, Microsoft.VisualStudio.QualityTools.Tips.UnitTest.Adapter, Version=10.0.0.0, Culture=neutral, PublicKeyToken=b03f5f7f11d50a3a" className="VTTestProject.VTLogicModelTest, VTTestProject, Version=1.0.0.0, Culture=neutral, PublicKeyToken=null" name="GenerateTubeEmployeeIDDNE" />
    </UnitTest>
    <UnitTest name="SubmitMissingData" storage="c:\users\atruong0\documents\visual studio 2010\projects\vt\vttestproject\bin\debug\vttestproject.dll" id="cfccb108-70df-5945-8b61-5579401268f0">
      <Execution id="1ce0febe-d7cc-40e4-bc01-e24cb3ca48b8" />
      <TestMethod codeBase="C:/Users/atruong0/Documents/Visual Studio 2010/Projects/VT/VTTestProject/bin/Debug/VTTestProject.DLL" adapterTypeName="Microsoft.VisualStudio.TestTools.TestTypes.Unit.UnitTestAdapter, Microsoft.VisualStudio.QualityTools.Tips.UnitTest.Adapter, Version=10.0.0.0, Culture=neutral, PublicKeyToken=b03f5f7f11d50a3a" className="VTTestProject.VTLogicModelTest, VTTestProject, Version=1.0.0.0, Culture=neutral, PublicKeyToken=null" name="SubmitMissingData" />
    </UnitTest>
    <UnitTest name="GenerateCathodeEmployeeIDDNE" storage="c:\users\atruong0\documents\visual studio 2010\projects\vt\vttestproject\bin\debug\vttestproject.dll" id="1e6c700a-1a27-94f5-5170-30b50ca89ce4">
      <Execution id="5cc2d076-0d5b-43dc-a8e3-26b58411e801" />
      <TestMethod codeBase="C:/Users/atruong0/Documents/Visual Studio 2010/Projects/VT/VTTestProject/bin/Debug/VTTestProject.DLL" adapterTypeName="Microsoft.VisualStudio.TestTools.TestTypes.Unit.UnitTestAdapter, Microsoft.VisualStudio.QualityTools.Tips.UnitTest.Adapter, Version=10.0.0.0, Culture=neutral, PublicKeyToken=b03f5f7f11d50a3a" className="VTTestProject.VTLogicModelTest, VTTestProject, Version=1.0.0.0, Culture=neutral, PublicKeyToken=null" name="GenerateCathodeEmployeeIDDNE" />
    </UnitTest>
    <UnitTest name="GetFormDNEEmpIDTest" storage="c:\users\atruong0\documents\visual studio 2010\projects\vt\vttestproject\bin\debug\vttestproject.dll" id="f2b911a8-c6b5-155e-5f17-7bb30b4c23f2">
      <Execution id="33da9803-01cc-4c8e-9bdc-0d1bbbee3751" />
      <TestMethod codeBase="C:/Users/atruong0/Documents/Visual Studio 2010/Projects/VT/VTTestProject/bin/Debug/VTTestProject.DLL" adapterTypeName="Microsoft.VisualStudio.TestTools.TestTypes.Unit.UnitTestAdapter, Microsoft.VisualStudio.QualityTools.Tips.UnitTest.Adapter, Version=10.0.0.0, Culture=neutral, PublicKeyToken=b03f5f7f11d50a3a" className="VTTestProject.VTLogicModelTest, VTTestProject, Version=1.0.0.0, Culture=neutral, PublicKeyToken=null" name="GetFormDNEEmpIDTest" />
    </UnitTest>
  </TestDefinitions>
  <TestLists>
    <TestList name="Results Not in a List" id="8c84fa94-04c1-424b-9868-57a2d4851a1d" />
    <TestList name="All Loaded Results" id="19431567-8539-422a-85d7-44ee4e166bda" />
  </TestLists>
  <TestEntries>
    <TestEntry testId="309e52b5-e9a8-539b-3ebf-5a66cbb4d81a" executionId="a573d7cc-3184-4f45-9bf8-9edb5dfcdac5" testListId="8c84fa94-04c1-424b-9868-57a2d4851a1d" />
    <TestEntry testId="9725848f-b700-87d6-99ee-e1846bd68398" executionId="d46f8881-8011-4621-8693-d09d65cd0f66" testListId="8c84fa94-04c1-424b-9868-57a2d4851a1d" />
    <TestEntry testId="33bc03f4-5911-abf3-3327-17c201eb4ca6" executionId="d26afae9-766b-4f40-8e0b-041e5d204307" testListId="8c84fa94-04c1-424b-9868-57a2d4851a1d" />
    <TestEntry testId="0c7509b4-902f-4554-b735-7ec271053641" executionId="4783a04c-5ce3-4689-9633-6afc2bfa7e6a" testListId="8c84fa94-04c1-424b-9868-57a2d4851a1d" />
    <TestEntry testId="bc87840b-e139-4c94-1ad7-27b2c39f3a02" executionId="ed3c4f56-1c4f-49ed-9be3-ab251c062a69" testListId="8c84fa94-04c1-424b-9868-57a2d4851a1d" />
    <TestEntry testId="1e6c700a-1a27-94f5-5170-30b50ca89ce4" executionId="5cc2d076-0d5b-43dc-a8e3-26b58411e801" testListId="8c84fa94-04c1-424b-9868-57a2d4851a1d" />
    <TestEntry testId="e2e468b9-92f7-db72-c85c-e1b422059e2c" executionId="1598ed00-ebf3-4fbc-89db-94109f6a1191" testListId="8c84fa94-04c1-424b-9868-57a2d4851a1d" />
    <TestEntry testId="af0cafd0-783b-b36f-9e62-72abf58bc4fb" executionId="d5b291a0-d913-46ed-8663-80cb4e343604" testListId="8c84fa94-04c1-424b-9868-57a2d4851a1d" />
    <TestEntry testId="594fd9ed-7823-da9d-1465-bd69f2ada8dc" executionId="9cf46a26-7dc0-4ec4-9411-337331022478" testListId="8c84fa94-04c1-424b-9868-57a2d4851a1d" />
    <TestEntry testId="129b133b-3cf5-33ce-13bf-ae312d78b677" executionId="90858e71-2234-4e98-9097-fcadf86a42ab" testListId="8c84fa94-04c1-424b-9868-57a2d4851a1d" />
    <TestEntry testId="f2b911a8-c6b5-155e-5f17-7bb30b4c23f2" executionId="33da9803-01cc-4c8e-9bdc-0d1bbbee3751" testListId="8c84fa94-04c1-424b-9868-57a2d4851a1d" />
    <TestEntry testId="f54ea2d6-2150-0a1f-c5bd-e248900054f0" executionId="a695cc4f-3ec1-41f7-af64-12edcd4424d6" testListId="8c84fa94-04c1-424b-9868-57a2d4851a1d" />
    <TestEntry testId="1773c22d-cb5b-e14f-edf5-53b6236cd7d5" executionId="10a41392-940e-4545-ae7a-1a29ac1fed73" testListId="8c84fa94-04c1-424b-9868-57a2d4851a1d" />
    <TestEntry testId="f554fd97-e28b-39c7-4e83-21da5404ca50" executionId="e107eaf5-6a1f-4103-8a57-79fd12e22e02" testListId="8c84fa94-04c1-424b-9868-57a2d4851a1d" />
    <TestEntry testId="cfccb108-70df-5945-8b61-5579401268f0" executionId="1ce0febe-d7cc-40e4-bc01-e24cb3ca48b8" testListId="8c84fa94-04c1-424b-9868-57a2d4851a1d" />
    <TestEntry testId="7ea10a71-539c-482a-a1fa-66c43c50aac1" executionId="86d2f0d7-ab05-4cea-96bf-3c20d0fb54a2" testListId="8c84fa94-04c1-424b-9868-57a2d4851a1d" />
  </TestEntries>
  <Results>
    <UnitTestResult executionId="a573d7cc-3184-4f45-9bf8-9edb5dfcdac5" testId="309e52b5-e9a8-539b-3ebf-5a66cbb4d81a" testName="GenerateTubeSerialTest" computerName="SL0D8WDFJM1" duration="00:00:00.3611112" startTime="2013-01-24T16:04:00.9918526-07:00" endTime="2013-01-24T16:04:02.6606857-07:00" testType="13cdc9d9-ddb5-4fa4-a97d-d965ccfc6d4b" outcome="Passed" testListId="8c84fa94-04c1-424b-9868-57a2d4851a1d" relativeResultsDirectory="a573d7cc-3184-4f45-9bf8-9edb5dfcdac5">
    </UnitTestResult>
    <UnitTestResult executionId="d46f8881-8011-4621-8693-d09d65cd0f66" testId="9725848f-b700-87d6-99ee-e1846bd68398" testName="GenerateDuplicateTubeSerialTest" computerName="SL0D8WDFJM1" duration="00:00:00.0055892" startTime="2013-01-24T16:04:02.6806837-07:00" endTime="2013-01-24T16:04:02.6936824-07:00" testType="13cdc9d9-ddb5-4fa4-a97d-d965ccfc6d4b" outcome="Passed" testListId="8c84fa94-04c1-424b-9868-57a2d4851a1d" relativeResultsDirectory="d46f8881-8011-4621-8693-d09d65cd0f66">
    </UnitTestResult>
    <UnitTestResult executionId="d26afae9-766b-4f40-8e0b-041e5d204307" testId="33bc03f4-5911-abf3-3327-17c201eb4ca6" testName="GenerateTubePartNumberDNE" computerName="SL0D8WDFJM1" duration="00:00:00.0037979" startTime="2013-01-24T16:04:02.7106807-07:00" endTime="2013-01-24T16:04:02.7216796-07:00" testType="13cdc9d9-ddb5-4fa4-a97d-d965ccfc6d4b" outcome="Passed" testListId="8c84fa94-04c1-424b-9868-57a2d4851a1d" relativeResultsDirectory="d26afae9-766b-4f40-8e0b-041e5d204307">
    </UnitTestResult>
    <UnitTestResult executionId="4783a04c-5ce3-4689-9633-6afc2bfa7e6a" testId="0c7509b4-902f-4554-b735-7ec271053641" testName="GenerateCathodePartNumberDNE" computerName="SL0D8WDFJM1" duration="00:00:00.0063119" startTime="2013-01-24T16:04:02.7356782-07:00" endTime="2013-01-24T16:04:02.7466771-07:00" testType="13cdc9d9-ddb5-4fa4-a97d-d965ccfc6d4b" outcome="Passed" testListId="8c84fa94-04c1-424b-9868-57a2d4851a1d" relativeResultsDirectory="4783a04c-5ce3-4689-9633-6afc2bfa7e6a">
    </UnitTestResult>
    <UnitTestResult executionId="ed3c4f56-1c4f-49ed-9be3-ab251c062a69" testId="bc87840b-e139-4c94-1ad7-27b2c39f3a02" testName="GenerateTubeEmployeeIDDNE" computerName="SL0D8WDFJM1" duration="00:00:01.0090528" startTime="2013-01-24T16:04:02.7536764-07:00" endTime="2013-01-24T16:04:03.7685749-07:00" testType="13cdc9d9-ddb5-4fa4-a97d-d965ccfc6d4b" outcome="Passed" testListId="8c84fa94-04c1-424b-9868-57a2d4851a1d" relativeResultsDirectory="ed3c4f56-1c4f-49ed-9be3-ab251c062a69">
    </UnitTestResult>
    <UnitTestResult executionId="5cc2d076-0d5b-43dc-a8e3-26b58411e801" testId="1e6c700a-1a27-94f5-5170-30b50ca89ce4" testName="GenerateCathodeEmployeeIDDNE" computerName="SL0D8WDFJM1" duration="00:00:01.0103224" startTime="2013-01-24T16:04:03.7825735-07:00" endTime="2013-01-24T16:04:04.7984719-07:00" testType="13cdc9d9-ddb5-4fa4-a97d-d965ccfc6d4b" outcome="Passed" testListId="8c84fa94-04c1-424b-9868-57a2d4851a1d" relativeResultsDirectory="5cc2d076-0d5b-43dc-a8e3-26b58411e801">
    </UnitTestResult>
    <UnitTestResult executionId="1598ed00-ebf3-4fbc-89db-94109f6a1191" testId="e2e468b9-92f7-db72-c85c-e1b422059e2c" testName="GenerateCathodeSerialTest" computerName="SL0D8WDFJM1" duration="00:00:01.0113585" startTime="2013-01-24T16:04:04.8184699-07:00" endTime="2013-01-24T16:04:05.8423675-07:00" testType="13cdc9d9-ddb5-4fa4-a97d-d965ccfc6d4b" outcome="Passed" testListId="8c84fa94-04c1-424b-9868-57a2d4851a1d" relativeResultsDirectory="1598ed00-ebf3-4fbc-89db-94109f6a1191">
    </UnitTestResult>
    <UnitTestResult executionId="d5b291a0-d913-46ed-8663-80cb4e343604" testId="af0cafd0-783b-b36f-9e62-72abf58bc4fb" testName="GenerateDuplicateCathodeSerialTest" computerName="SL0D8WDFJM1" duration="00:00:00.0100308" startTime="2013-01-24T16:04:05.8853632-07:00" endTime="2013-01-24T16:04:05.9013616-07:00" testType="13cdc9d9-ddb5-4fa4-a97d-d965ccfc6d4b" outcome="Passed" testListId="8c84fa94-04c1-424b-9868-57a2d4851a1d" relativeResultsDirectory="d5b291a0-d913-46ed-8663-80cb4e343604">
    </UnitTestResult>
    <UnitTestResult executionId="9cf46a26-7dc0-4ec4-9411-337331022478" testId="594fd9ed-7823-da9d-1465-bd69f2ada8dc" testName="GetFormTest" computerName="SL0D8WDFJM1" duration="00:00:18.1059471" startTime="2013-01-24T16:04:05.9213596-07:00" endTime="2013-01-24T16:04:24.0315484-07:00" testType="13cdc9d9-ddb5-4fa4-a97d-d965ccfc6d4b" outcome="Passed" testListId="8c84fa94-04c1-424b-9868-57a2d4851a1d" relativeResultsDirectory="9cf46a26-7dc0-4ec4-9411-337331022478">
    </UnitTestResult>
    <UnitTestResult executionId="90858e71-2234-4e98-9097-fcadf86a42ab" testId="129b133b-3cf5-33ce-13bf-ae312d78b677" testName="GetFormDNESerialTest" computerName="SL0D8WDFJM1" duration="00:00:00.0201068" startTime="2013-01-24T16:04:24.0505465-07:00" endTime="2013-01-24T16:04:24.0785437-07:00" testType="13cdc9d9-ddb5-4fa4-a97d-d965ccfc6d4b" outcome="Passed" testListId="8c84fa94-04c1-424b-9868-57a2d4851a1d" relativeResultsDirectory="90858e71-2234-4e98-9097-fcadf86a42ab">
    </UnitTestResult>
    <UnitTestResult executionId="33da9803-01cc-4c8e-9bdc-0d1bbbee3751" testId="f2b911a8-c6b5-155e-5f17-7bb30b4c23f2" testName="GetFormDNEEmpIDTest" computerName="SL0D8WDFJM1" duration="00:00:00.0047067" startTime="2013-01-24T16:04:24.0885427-07:00" endTime="2013-01-24T16:04:24.1065409-07:00" testType="13cdc9d9-ddb5-4fa4-a97d-d965ccfc6d4b" outcome="Passed" testListId="8c84fa94-04c1-424b-9868-57a2d4851a1d" relativeResultsDirectory="33da9803-01cc-4c8e-9bdc-0d1bbbee3751">
    </UnitTestResult>
    <UnitTestResult executionId="a695cc4f-3ec1-41f7-af64-12edcd4424d6" testId="f54ea2d6-2150-0a1f-c5bd-e248900054f0" testName="GetFormCompletedWorkFlowTest" computerName="SL0D8WDFJM1" duration="00:00:18.1270744" startTime="2013-01-24T16:04:24.1145401-07:00" endTime="2013-01-24T16:04:42.2437270-07:00" testType="13cdc9d9-ddb5-4fa4-a97d-d965ccfc6d4b" outcome="Passed" testListId="8c84fa94-04c1-424b-9868-57a2d4851a1d" relativeResultsDirectory="a695cc4f-3ec1-41f7-af64-12edcd4424d6">
    </UnitTestResult>
    <UnitTestResult executionId="10a41392-940e-4545-ae7a-1a29ac1fed73" testId="1773c22d-cb5b-e14f-edf5-53b6236cd7d5" testName="SubmitFormTest" computerName="SL0D8WDFJM1" duration="00:00:20.7952639" startTime="2013-01-24T16:04:42.2657248-07:00" endTime="2013-01-24T16:05:03.0666445-07:00" testType="13cdc9d9-ddb5-4fa4-a97d-d965ccfc6d4b" outcome="Passed" testListId="8c84fa94-04c1-424b-9868-57a2d4851a1d" relativeResultsDirectory="10a41392-940e-4545-ae7a-1a29ac1fed73">
    </UnitTestResult>
    <UnitTestResult executionId="e107eaf5-6a1f-4103-8a57-79fd12e22e02" testId="f554fd97-e28b-39c7-4e83-21da5404ca50" testName="SubmitFormCheckBoxTest" computerName="SL0D8WDFJM1" duration="00:00:19.5519757" startTime="2013-01-24T16:05:03.0806431-07:00" endTime="2013-01-24T16:05:22.6366873-07:00" testType="13cdc9d9-ddb5-4fa4-a97d-d965ccfc6d4b" outcome="Passed" testListId="8c84fa94-04c1-424b-9868-57a2d4851a1d" relativeResultsDirectory="e107eaf5-6a1f-4103-8a57-79fd12e22e02">
    </UnitTestResult>
    <UnitTestResult executionId="1ce0febe-d7cc-40e4-bc01-e24cb3ca48b8" testId="cfccb108-70df-5945-8b61-5579401268f0" testName="SubmitMissingData" computerName="SL0D8WDFJM1" duration="00:00:45.3654630" startTime="2013-01-24T16:05:22.6706839-07:00" endTime="2013-01-24T16:06:08.0361469-07:00" testType="13cdc9d9-ddb5-4fa4-a97d-d965ccfc6d4b" outcome="Aborted" testListId="8c84fa94-04c1-424b-9868-57a2d4851a1d" relativeResultsDirectory="1ce0febe-d7cc-40e4-bc01-e24cb3ca48b8">
    </UnitTestResult>
    <UnitTestResult executionId="86d2f0d7-ab05-4cea-96bf-3c20d0fb54a2" testId="7ea10a71-539c-482a-a1fa-66c43c50aac1" testName="SubmitOutOfSpec" computerName="SL0D8WDFJM1" testType="13cdc9d9-ddb5-4fa4-a97d-d965ccfc6d4b" outcome="NotExecuted" testListId="8c84fa94-04c1-424b-9868-57a2d4851a1d" relativeResultsDirectory="86d2f0d7-ab05-4cea-96bf-3c20d0fb54a2">
    </UnitTestResult>
  </Results>
</TestRun>