<?xml version="1.0" encoding="UTF-8"?>
<TestRun id="aa0e88ae-417d-45b3-bb44-15a11dc55b32" name="atruong0@SL0D8WDFJM1 2013-01-22 14:23:44" runUser="VMS\atruong0" xmlns="http://microsoft.com/schemas/VisualStudio/TeamTest/2010">
  <TestSettings name="Local" id="73ec5f96-3290-41df-b6e1-a800b2821207">
    <Description>These are default test settings for a local test run.</Description>
    <Deployment enabled="false" runDeploymentRoot="atruong0_SL0D8WDFJM1 2013-01-22 14_23_44">
      <DeploymentItem filename="C:\Users\atruong0\Documents\Visual Studio 2010\Projects\VT\VT\bin\VT.dll" />
      <DeploymentItem filename="C:\Users\atruong0\Documents\Visual Studio 2010\Projects\VT\packages\EntityFramework.4.1.10331.0\lib\EntityFramework.dll" />
    </Deployment>
    <Execution>
      <TestTypeSpecific />
      <AgentRule name="Execution Agents">
      </AgentRule>
    </Execution>
  </TestSettings>
  <Times creation="2013-01-22T14:23:44.8322201-07:00" queuing="2013-01-22T14:23:54.8702201-07:00" start="2013-01-22T14:23:55.1042201-07:00" finish="2013-01-22T14:24:16.8622201-07:00" />
  <ResultSummary outcome="Completed">
    <Counters total="6" executed="6" passed="6" error="0" failed="0" timeout="0" aborted="0" inconclusive="0" passedButRunAborted="0" notRunnable="0" notExecuted="0" disconnected="0" warning="0" completed="0" inProgress="0" pending="0" />
  </ResultSummary>
  <TestDefinitions>
    <UnitTest name="GetFormNanSerial" storage="c:\users\atruong0\documents\visual studio 2010\projects\vt\vttestproject\bin\debug\vttestproject.dll" id="95799223-144a-a854-d249-66bc97d29d51">
      <Execution id="32c99990-7140-4712-903f-fcc6de90af4a" />
      <TestMethod codeBase="C:/Users/atruong0/Documents/Visual Studio 2010/Projects/VT/VTTestProject/bin/Debug/VTTestProject.DLL" adapterTypeName="Microsoft.VisualStudio.TestTools.TestTypes.Unit.UnitTestAdapter, Microsoft.VisualStudio.QualityTools.Tips.UnitTest.Adapter, Version=10.0.0.0, Culture=neutral, PublicKeyToken=b03f5f7f11d50a3a" className="VTTestProject.VTLogicModelTest, VTTestProject, Version=1.0.0.0, Culture=neutral, PublicKeyToken=null" name="GetFormNanSerial" />
    </UnitTest>
    <UnitTest name="GenerateDuplicateTubeSerialTest" storage="c:\users\atruong0\documents\visual studio 2010\projects\vt\vttestproject\bin\debug\vttestproject.dll" id="9725848f-b700-87d6-99ee-e1846bd68398">
      <Execution id="fcf91499-146f-4d59-a6fc-b0f935472c9c" />
      <TestMethod codeBase="C:/Users/atruong0/Documents/Visual Studio 2010/Projects/VT/VTTestProject/bin/Debug/VTTestProject.DLL" adapterTypeName="Microsoft.VisualStudio.TestTools.TestTypes.Unit.UnitTestAdapter, Microsoft.VisualStudio.QualityTools.Tips.UnitTest.Adapter, Version=10.0.0.0, Culture=neutral, PublicKeyToken=b03f5f7f11d50a3a" className="VTTestProject.VTLogicModelTest, VTTestProject, Version=1.0.0.0, Culture=neutral, PublicKeyToken=null" name="GenerateDuplicateTubeSerialTest" />
    </UnitTest>
    <UnitTest name="GenerateTubeSerialTest" storage="c:\users\atruong0\documents\visual studio 2010\projects\vt\vttestproject\bin\debug\vttestproject.dll" id="309e52b5-e9a8-539b-3ebf-5a66cbb4d81a">
      <Execution id="7d0ce749-49a5-446f-bd5f-cf718d8c8a7e" />
      <TestMethod codeBase="C:/Users/atruong0/Documents/Visual Studio 2010/Projects/VT/VTTestProject/bin/Debug/VTTestProject.DLL" adapterTypeName="Microsoft.VisualStudio.TestTools.TestTypes.Unit.UnitTestAdapter, Microsoft.VisualStudio.QualityTools.Tips.UnitTest.Adapter, Version=10.0.0.0, Culture=neutral, PublicKeyToken=b03f5f7f11d50a3a" className="VTTestProject.VTLogicModelTest, VTTestProject, Version=1.0.0.0, Culture=neutral, PublicKeyToken=null" name="GenerateTubeSerialTest" />
    </UnitTest>
    <UnitTest name="GetFormTest" storage="c:\users\atruong0\documents\visual studio 2010\projects\vt\vttestproject\bin\debug\vttestproject.dll" id="594fd9ed-7823-da9d-1465-bd69f2ada8dc">
      <Execution id="aa6700c8-659e-443f-9842-9adf2ef6301d" />
      <TestMethod codeBase="C:/Users/atruong0/Documents/Visual Studio 2010/Projects/VT/VTTestProject/bin/Debug/VTTestProject.DLL" adapterTypeName="Microsoft.VisualStudio.TestTools.TestTypes.Unit.UnitTestAdapter, Microsoft.VisualStudio.QualityTools.Tips.UnitTest.Adapter, Version=10.0.0.0, Culture=neutral, PublicKeyToken=b03f5f7f11d50a3a" className="VTTestProject.VTLogicModelTest, VTTestProject, Version=1.0.0.0, Culture=neutral, PublicKeyToken=null" name="GetFormTest" />
    </UnitTest>
    <UnitTest name="GenerateCathodeSerialTest" storage="c:\users\atruong0\documents\visual studio 2010\projects\vt\vttestproject\bin\debug\vttestproject.dll" id="e2e468b9-92f7-db72-c85c-e1b422059e2c">
      <Execution id="38a0fe88-1023-4482-a786-390347550c30" />
      <TestMethod codeBase="C:/Users/atruong0/Documents/Visual Studio 2010/Projects/VT/VTTestProject/bin/Debug/VTTestProject.DLL" adapterTypeName="Microsoft.VisualStudio.TestTools.TestTypes.Unit.UnitTestAdapter, Microsoft.VisualStudio.QualityTools.Tips.UnitTest.Adapter, Version=10.0.0.0, Culture=neutral, PublicKeyToken=b03f5f7f11d50a3a" className="VTTestProject.VTLogicModelTest, VTTestProject, Version=1.0.0.0, Culture=neutral, PublicKeyToken=null" name="GenerateCathodeSerialTest" />
    </UnitTest>
    <UnitTest name="GenerateDuplicateCathodeSerialTest" storage="c:\users\atruong0\documents\visual studio 2010\projects\vt\vttestproject\bin\debug\vttestproject.dll" id="af0cafd0-783b-b36f-9e62-72abf58bc4fb">
      <Execution id="a4e95220-6b67-40f7-85a8-a1e1f471b2dc" />
      <TestMethod codeBase="C:/Users/atruong0/Documents/Visual Studio 2010/Projects/VT/VTTestProject/bin/Debug/VTTestProject.DLL" adapterTypeName="Microsoft.VisualStudio.TestTools.TestTypes.Unit.UnitTestAdapter, Microsoft.VisualStudio.QualityTools.Tips.UnitTest.Adapter, Version=10.0.0.0, Culture=neutral, PublicKeyToken=b03f5f7f11d50a3a" className="VTTestProject.VTLogicModelTest, VTTestProject, Version=1.0.0.0, Culture=neutral, PublicKeyToken=null" name="GenerateDuplicateCathodeSerialTest" />
    </UnitTest>
  </TestDefinitions>
  <TestLists>
    <TestList name="Results Not in a List" id="8c84fa94-04c1-424b-9868-57a2d4851a1d" />
    <TestList name="All Loaded Results" id="19431567-8539-422a-85d7-44ee4e166bda" />
  </TestLists>
  <TestEntries>
    <TestEntry testId="309e52b5-e9a8-539b-3ebf-5a66cbb4d81a" executionId="7d0ce749-49a5-446f-bd5f-cf718d8c8a7e" testListId="8c84fa94-04c1-424b-9868-57a2d4851a1d" />
    <TestEntry testId="9725848f-b700-87d6-99ee-e1846bd68398" executionId="fcf91499-146f-4d59-a6fc-b0f935472c9c" testListId="8c84fa94-04c1-424b-9868-57a2d4851a1d" />
    <TestEntry testId="e2e468b9-92f7-db72-c85c-e1b422059e2c" executionId="38a0fe88-1023-4482-a786-390347550c30" testListId="8c84fa94-04c1-424b-9868-57a2d4851a1d" />
    <TestEntry testId="af0cafd0-783b-b36f-9e62-72abf58bc4fb" executionId="a4e95220-6b67-40f7-85a8-a1e1f471b2dc" testListId="8c84fa94-04c1-424b-9868-57a2d4851a1d" />
    <TestEntry testId="594fd9ed-7823-da9d-1465-bd69f2ada8dc" executionId="aa6700c8-659e-443f-9842-9adf2ef6301d" testListId="8c84fa94-04c1-424b-9868-57a2d4851a1d" />
    <TestEntry testId="95799223-144a-a854-d249-66bc97d29d51" executionId="32c99990-7140-4712-903f-fcc6de90af4a" testListId="8c84fa94-04c1-424b-9868-57a2d4851a1d" />
  </TestEntries>
  <Results>
    <UnitTestResult executionId="7d0ce749-49a5-446f-bd5f-cf718d8c8a7e" testId="309e52b5-e9a8-539b-3ebf-5a66cbb4d81a" testName="GenerateTubeSerialTest" computerName="SL0D8WDFJM1" duration="00:00:00.4955916" startTime="2013-01-22T14:23:55.2722201-07:00" endTime="2013-01-22T14:23:57.4012201-07:00" testType="13cdc9d9-ddb5-4fa4-a97d-d965ccfc6d4b" outcome="Passed" testListId="8c84fa94-04c1-424b-9868-57a2d4851a1d" relativeResultsDirectory="7d0ce749-49a5-446f-bd5f-cf718d8c8a7e">
    </UnitTestResult>
    <UnitTestResult executionId="fcf91499-146f-4d59-a6fc-b0f935472c9c" testId="9725848f-b700-87d6-99ee-e1846bd68398" testName="GenerateDuplicateTubeSerialTest" computerName="SL0D8WDFJM1" duration="00:00:00.0083688" startTime="2013-01-22T14:23:57.4592201-07:00" endTime="2013-01-22T14:23:57.4832201-07:00" testType="13cdc9d9-ddb5-4fa4-a97d-d965ccfc6d4b" outcome="Passed" testListId="8c84fa94-04c1-424b-9868-57a2d4851a1d" relativeResultsDirectory="fcf91499-146f-4d59-a6fc-b0f935472c9c">
    </UnitTestResult>
    <UnitTestResult executionId="38a0fe88-1023-4482-a786-390347550c30" testId="e2e468b9-92f7-db72-c85c-e1b422059e2c" testName="GenerateCathodeSerialTest" computerName="SL0D8WDFJM1" duration="00:00:01.0110744" startTime="2013-01-22T14:23:57.5132201-07:00" endTime="2013-01-22T14:23:58.5382201-07:00" testType="13cdc9d9-ddb5-4fa4-a97d-d965ccfc6d4b" outcome="Passed" testListId="8c84fa94-04c1-424b-9868-57a2d4851a1d" relativeResultsDirectory="38a0fe88-1023-4482-a786-390347550c30">
    </UnitTestResult>
    <UnitTestResult executionId="a4e95220-6b67-40f7-85a8-a1e1f471b2dc" testId="af0cafd0-783b-b36f-9e62-72abf58bc4fb" testName="GenerateDuplicateCathodeSerialTest" computerName="SL0D8WDFJM1" duration="00:00:00.0066202" startTime="2013-01-22T14:23:58.5712201-07:00" endTime="2013-01-22T14:23:58.6112201-07:00" testType="13cdc9d9-ddb5-4fa4-a97d-d965ccfc6d4b" outcome="Passed" testListId="8c84fa94-04c1-424b-9868-57a2d4851a1d" relativeResultsDirectory="a4e95220-6b67-40f7-85a8-a1e1f471b2dc">
    </UnitTestResult>
    <UnitTestResult executionId="aa6700c8-659e-443f-9842-9adf2ef6301d" testId="594fd9ed-7823-da9d-1465-bd69f2ada8dc" testName="GetFormTest" computerName="SL0D8WDFJM1" duration="00:00:17.9689460" startTime="2013-01-22T14:23:58.6432201-07:00" endTime="2013-01-22T14:24:16.6322201-07:00" testType="13cdc9d9-ddb5-4fa4-a97d-d965ccfc6d4b" outcome="Passed" testListId="8c84fa94-04c1-424b-9868-57a2d4851a1d" relativeResultsDirectory="aa6700c8-659e-443f-9842-9adf2ef6301d">
    </UnitTestResult>
    <UnitTestResult executionId="32c99990-7140-4712-903f-fcc6de90af4a" testId="95799223-144a-a854-d249-66bc97d29d51" testName="GetFormNanSerial" computerName="SL0D8WDFJM1" duration="00:00:00.0231080" startTime="2013-01-22T14:24:16.6552201-07:00" endTime="2013-01-22T14:24:16.6902201-07:00" testType="13cdc9d9-ddb5-4fa4-a97d-d965ccfc6d4b" outcome="Passed" testListId="8c84fa94-04c1-424b-9868-57a2d4851a1d" relativeResultsDirectory="32c99990-7140-4712-903f-fcc6de90af4a">
    </UnitTestResult>
  </Results>
</TestRun>