<?xml version="1.0" encoding="UTF-8"?>
<TestRun id="26e1ee5a-7064-4969-8d10-6825df333ca5" name="atruong0@SL0D8WDFJM1 2013-01-24 14:47:52" runUser="VMS\atruong0" xmlns="http://microsoft.com/schemas/VisualStudio/TeamTest/2010">
  <TestSettings name="Local" id="73ec5f96-3290-41df-b6e1-a800b2821207">
    <Description>These are default test settings for a local test run.</Description>
    <Deployment enabled="false" runDeploymentRoot="atruong0_SL0D8WDFJM1 2013-01-24 14_47_52">
      <DeploymentItem filename="C:\Users\atruong0\Documents\Visual Studio 2010\Projects\VT\VT\bin\VT.dll" />
      <DeploymentItem filename="C:\Users\atruong0\Documents\Visual Studio 2010\Projects\VT\packages\EntityFramework.4.1.10331.0\lib\EntityFramework.dll" />
    </Deployment>
    <Execution>
      <TestTypeSpecific />
      <AgentRule name="Execution Agents">
      </AgentRule>
    </Execution>
  </TestSettings>
  <Times creation="2013-01-24T14:47:52.5963701-07:00" queuing="2013-01-24T14:47:54.1835288-07:00" start="2013-01-24T14:47:54.3035408-07:00" finish="2013-01-24T14:50:21.6862776-07:00" />
  <ResultSummary outcome="Error">
    <Counters total="14" executed="5" passed="4" error="0" failed="0" timeout="0" aborted="1" inconclusive="0" passedButRunAborted="0" notRunnable="0" notExecuted="9" disconnected="0" warning="0" completed="0" inProgress="0" pending="0" />
    <RunInfos>
      <RunInfo computerName="SL0D8WDFJM1" outcome="Error" timestamp="2013-01-24T14:50:21.6832773-07:00">
        <Text>Test host process exited unexpectedly.</Text>
      </RunInfo>
    </RunInfos>
  </ResultSummary>
  <TestDefinitions>
    <UnitTest name="GenerateDuplicateCathodeSerialTest" storage="c:\users\atruong0\documents\visual studio 2010\projects\vt\vttestproject\bin\debug\vttestproject.dll" id="af0cafd0-783b-b36f-9e62-72abf58bc4fb">
      <Execution id="9abca418-6b17-4038-9948-1877c418c2c0" />
      <TestMethod codeBase="C:/Users/atruong0/Documents/Visual Studio 2010/Projects/VT/VTTestProject/bin/Debug/VTTestProject.DLL" adapterTypeName="Microsoft.VisualStudio.TestTools.TestTypes.Unit.UnitTestAdapter, Microsoft.VisualStudio.QualityTools.Tips.UnitTest.Adapter, Version=10.0.0.0, Culture=neutral, PublicKeyToken=b03f5f7f11d50a3a" className="VTTestProject.VTLogicModelTest, VTTestProject, Version=1.0.0.0, Culture=neutral, PublicKeyToken=null" name="GenerateDuplicateCathodeSerialTest" />
    </UnitTest>
    <UnitTest name="SubmitFormTest" storage="c:\users\atruong0\documents\visual studio 2010\projects\vt\vttestproject\bin\debug\vttestproject.dll" id="1773c22d-cb5b-e14f-edf5-53b6236cd7d5">
      <Execution id="d67bf58c-3d81-4006-9a9e-13dba857032c" />
      <TestMethod codeBase="C:/Users/atruong0/Documents/Visual Studio 2010/Projects/VT/VTTestProject/bin/Debug/VTTestProject.DLL" adapterTypeName="Microsoft.VisualStudio.TestTools.TestTypes.Unit.UnitTestAdapter, Microsoft.VisualStudio.QualityTools.Tips.UnitTest.Adapter, Version=10.0.0.0, Culture=neutral, PublicKeyToken=b03f5f7f11d50a3a" className="VTTestProject.VTLogicModelTest, VTTestProject, Version=1.0.0.0, Culture=neutral, PublicKeyToken=null" name="SubmitFormTest" />
    </UnitTest>
    <UnitTest name="GetFormCompletedWorkFlowTest" storage="c:\users\atruong0\documents\visual studio 2010\projects\vt\vttestproject\bin\debug\vttestproject.dll" id="f54ea2d6-2150-0a1f-c5bd-e248900054f0">
      <Execution id="930c6485-acb6-4862-afa1-68ec04cf06cc" />
      <TestMethod codeBase="C:/Users/atruong0/Documents/Visual Studio 2010/Projects/VT/VTTestProject/bin/Debug/VTTestProject.DLL" adapterTypeName="Microsoft.VisualStudio.TestTools.TestTypes.Unit.UnitTestAdapter, Microsoft.VisualStudio.QualityTools.Tips.UnitTest.Adapter, Version=10.0.0.0, Culture=neutral, PublicKeyToken=b03f5f7f11d50a3a" className="VTTestProject.VTLogicModelTest, VTTestProject, Version=1.0.0.0, Culture=neutral, PublicKeyToken=null" name="GetFormCompletedWorkFlowTest" />
    </UnitTest>
    <UnitTest name="SubmitFormCheckBoxTest" storage="c:\users\atruong0\documents\visual studio 2010\projects\vt\vttestproject\bin\debug\vttestproject.dll" id="f554fd97-e28b-39c7-4e83-21da5404ca50">
      <Execution id="7cec6a6e-0462-4aab-9958-92433ba4222a" />
      <TestMethod codeBase="C:/Users/atruong0/Documents/Visual Studio 2010/Projects/VT/VTTestProject/bin/Debug/VTTestProject.DLL" adapterTypeName="Microsoft.VisualStudio.TestTools.TestTypes.Unit.UnitTestAdapter, Microsoft.VisualStudio.QualityTools.Tips.UnitTest.Adapter, Version=10.0.0.0, Culture=neutral, PublicKeyToken=b03f5f7f11d50a3a" className="VTTestProject.VTLogicModelTest, VTTestProject, Version=1.0.0.0, Culture=neutral, PublicKeyToken=null" name="SubmitFormCheckBoxTest" />
    </UnitTest>
    <UnitTest name="GetFormDNESerialTest" storage="c:\users\atruong0\documents\visual studio 2010\projects\vt\vttestproject\bin\debug\vttestproject.dll" id="129b133b-3cf5-33ce-13bf-ae312d78b677">
      <Execution id="5e755ece-8b13-440a-afe6-754c461bb435" />
      <TestMethod codeBase="C:/Users/atruong0/Documents/Visual Studio 2010/Projects/VT/VTTestProject/bin/Debug/VTTestProject.DLL" adapterTypeName="Microsoft.VisualStudio.TestTools.TestTypes.Unit.UnitTestAdapter, Microsoft.VisualStudio.QualityTools.Tips.UnitTest.Adapter, Version=10.0.0.0, Culture=neutral, PublicKeyToken=b03f5f7f11d50a3a" className="VTTestProject.VTLogicModelTest, VTTestProject, Version=1.0.0.0, Culture=neutral, PublicKeyToken=null" name="GetFormDNESerialTest" />
    </UnitTest>
    <UnitTest name="GenerateTubePartNumberDNE" storage="c:\users\atruong0\documents\visual studio 2010\projects\vt\vttestproject\bin\debug\vttestproject.dll" id="33bc03f4-5911-abf3-3327-17c201eb4ca6">
      <Execution id="4a03402d-53e0-4ce4-9a3d-39f72abbb6a5" />
      <TestMethod codeBase="C:/Users/atruong0/Documents/Visual Studio 2010/Projects/VT/VTTestProject/bin/Debug/VTTestProject.DLL" adapterTypeName="Microsoft.VisualStudio.TestTools.TestTypes.Unit.UnitTestAdapter, Microsoft.VisualStudio.QualityTools.Tips.UnitTest.Adapter, Version=10.0.0.0, Culture=neutral, PublicKeyToken=b03f5f7f11d50a3a" className="VTTestProject.VTLogicModelTest, VTTestProject, Version=1.0.0.0, Culture=neutral, PublicKeyToken=null" name="GenerateTubePartNumberDNE" />
    </UnitTest>
    <UnitTest name="GenerateCathodePartNumberDNE" storage="c:\users\atruong0\documents\visual studio 2010\projects\vt\vttestproject\bin\debug\vttestproject.dll" id="0c7509b4-902f-4554-b735-7ec271053641">
      <Execution id="0b428993-2e03-44b6-86c8-97fd5f75c330" />
      <TestMethod codeBase="C:/Users/atruong0/Documents/Visual Studio 2010/Projects/VT/VTTestProject/bin/Debug/VTTestProject.DLL" adapterTypeName="Microsoft.VisualStudio.TestTools.TestTypes.Unit.UnitTestAdapter, Microsoft.VisualStudio.QualityTools.Tips.UnitTest.Adapter, Version=10.0.0.0, Culture=neutral, PublicKeyToken=b03f5f7f11d50a3a" className="VTTestProject.VTLogicModelTest, VTTestProject, Version=1.0.0.0, Culture=neutral, PublicKeyToken=null" name="GenerateCathodePartNumberDNE" />
    </UnitTest>
    <UnitTest name="GenerateDuplicateTubeSerialTest" storage="c:\users\atruong0\documents\visual studio 2010\projects\vt\vttestproject\bin\debug\vttestproject.dll" id="9725848f-b700-87d6-99ee-e1846bd68398">
      <Execution id="09e07dab-a9ef-4914-9d84-cbd460d3ef84" />
      <TestMethod codeBase="C:/Users/atruong0/Documents/Visual Studio 2010/Projects/VT/VTTestProject/bin/Debug/VTTestProject.DLL" adapterTypeName="Microsoft.VisualStudio.TestTools.TestTypes.Unit.UnitTestAdapter, Microsoft.VisualStudio.QualityTools.Tips.UnitTest.Adapter, Version=10.0.0.0, Culture=neutral, PublicKeyToken=b03f5f7f11d50a3a" className="VTTestProject.VTLogicModelTest, VTTestProject, Version=1.0.0.0, Culture=neutral, PublicKeyToken=null" name="GenerateDuplicateTubeSerialTest" />
    </UnitTest>
    <UnitTest name="GenerateCathodeSerialTest" storage="c:\users\atruong0\documents\visual studio 2010\projects\vt\vttestproject\bin\debug\vttestproject.dll" id="e2e468b9-92f7-db72-c85c-e1b422059e2c">
      <Execution id="7ea365ce-61e7-499b-8480-fb22438465a6" />
      <TestMethod codeBase="C:/Users/atruong0/Documents/Visual Studio 2010/Projects/VT/VTTestProject/bin/Debug/VTTestProject.DLL" adapterTypeName="Microsoft.VisualStudio.TestTools.TestTypes.Unit.UnitTestAdapter, Microsoft.VisualStudio.QualityTools.Tips.UnitTest.Adapter, Version=10.0.0.0, Culture=neutral, PublicKeyToken=b03f5f7f11d50a3a" className="VTTestProject.VTLogicModelTest, VTTestProject, Version=1.0.0.0, Culture=neutral, PublicKeyToken=null" name="GenerateCathodeSerialTest" />
    </UnitTest>
    <UnitTest name="GenerateTubeSerialTest" storage="c:\users\atruong0\documents\visual studio 2010\projects\vt\vttestproject\bin\debug\vttestproject.dll" id="309e52b5-e9a8-539b-3ebf-5a66cbb4d81a">
      <Execution id="06f97daa-6c2a-4355-9a57-cde8024f2573" />
      <TestMethod codeBase="C:/Users/atruong0/Documents/Visual Studio 2010/Projects/VT/VTTestProject/bin/Debug/VTTestProject.DLL" adapterTypeName="Microsoft.VisualStudio.TestTools.TestTypes.Unit.UnitTestAdapter, Microsoft.VisualStudio.QualityTools.Tips.UnitTest.Adapter, Version=10.0.0.0, Culture=neutral, PublicKeyToken=b03f5f7f11d50a3a" className="VTTestProject.VTLogicModelTest, VTTestProject, Version=1.0.0.0, Culture=neutral, PublicKeyToken=null" name="GenerateTubeSerialTest" />
    </UnitTest>
    <UnitTest name="GetFormTest" storage="c:\users\atruong0\documents\visual studio 2010\projects\vt\vttestproject\bin\debug\vttestproject.dll" id="594fd9ed-7823-da9d-1465-bd69f2ada8dc">
      <Execution id="4014ded2-4811-49ef-82ae-5200e808dc28" />
      <TestMethod codeBase="C:/Users/atruong0/Documents/Visual Studio 2010/Projects/VT/VTTestProject/bin/Debug/VTTestProject.DLL" adapterTypeName="Microsoft.VisualStudio.TestTools.TestTypes.Unit.UnitTestAdapter, Microsoft.VisualStudio.QualityTools.Tips.UnitTest.Adapter, Version=10.0.0.0, Culture=neutral, PublicKeyToken=b03f5f7f11d50a3a" className="VTTestProject.VTLogicModelTest, VTTestProject, Version=1.0.0.0, Culture=neutral, PublicKeyToken=null" name="GetFormTest" />
    </UnitTest>
    <UnitTest name="GenerateTubeEmployeeIDDNE" storage="c:\users\atruong0\documents\visual studio 2010\projects\vt\vttestproject\bin\debug\vttestproject.dll" id="bc87840b-e139-4c94-1ad7-27b2c39f3a02">
      <Execution id="45d9986d-a455-469f-ab96-daa32bedd6e3" />
      <TestMethod codeBase="C:/Users/atruong0/Documents/Visual Studio 2010/Projects/VT/VTTestProject/bin/Debug/VTTestProject.DLL" adapterTypeName="Microsoft.VisualStudio.TestTools.TestTypes.Unit.UnitTestAdapter, Microsoft.VisualStudio.QualityTools.Tips.UnitTest.Adapter, Version=10.0.0.0, Culture=neutral, PublicKeyToken=b03f5f7f11d50a3a" className="VTTestProject.VTLogicModelTest, VTTestProject, Version=1.0.0.0, Culture=neutral, PublicKeyToken=null" name="GenerateTubeEmployeeIDDNE" />
    </UnitTest>
    <UnitTest name="GenerateCathodeEmployeeIDDNE" storage="c:\users\atruong0\documents\visual studio 2010\projects\vt\vttestproject\bin\debug\vttestproject.dll" id="1e6c700a-1a27-94f5-5170-30b50ca89ce4">
      <Execution id="020eee0b-956a-4623-b9f0-41eb979ac696" />
      <TestMethod codeBase="C:/Users/atruong0/Documents/Visual Studio 2010/Projects/VT/VTTestProject/bin/Debug/VTTestProject.DLL" adapterTypeName="Microsoft.VisualStudio.TestTools.TestTypes.Unit.UnitTestAdapter, Microsoft.VisualStudio.QualityTools.Tips.UnitTest.Adapter, Version=10.0.0.0, Culture=neutral, PublicKeyToken=b03f5f7f11d50a3a" className="VTTestProject.VTLogicModelTest, VTTestProject, Version=1.0.0.0, Culture=neutral, PublicKeyToken=null" name="GenerateCathodeEmployeeIDDNE" />
    </UnitTest>
    <UnitTest name="GetFormDNEEmpIDTest" storage="c:\users\atruong0\documents\visual studio 2010\projects\vt\vttestproject\bin\debug\vttestproject.dll" id="f2b911a8-c6b5-155e-5f17-7bb30b4c23f2">
      <Execution id="bb32ac59-9c80-488b-ba8e-44a6bcbc3c5e" />
      <TestMethod codeBase="C:/Users/atruong0/Documents/Visual Studio 2010/Projects/VT/VTTestProject/bin/Debug/VTTestProject.DLL" adapterTypeName="Microsoft.VisualStudio.TestTools.TestTypes.Unit.UnitTestAdapter, Microsoft.VisualStudio.QualityTools.Tips.UnitTest.Adapter, Version=10.0.0.0, Culture=neutral, PublicKeyToken=b03f5f7f11d50a3a" className="VTTestProject.VTLogicModelTest, VTTestProject, Version=1.0.0.0, Culture=neutral, PublicKeyToken=null" name="GetFormDNEEmpIDTest" />
    </UnitTest>
  </TestDefinitions>
  <TestLists>
    <TestList name="Results Not in a List" id="8c84fa94-04c1-424b-9868-57a2d4851a1d" />
    <TestList name="All Loaded Results" id="19431567-8539-422a-85d7-44ee4e166bda" />
  </TestLists>
  <TestEntries>
    <TestEntry testId="309e52b5-e9a8-539b-3ebf-5a66cbb4d81a" executionId="06f97daa-6c2a-4355-9a57-cde8024f2573" testListId="8c84fa94-04c1-424b-9868-57a2d4851a1d" />
    <TestEntry testId="9725848f-b700-87d6-99ee-e1846bd68398" executionId="09e07dab-a9ef-4914-9d84-cbd460d3ef84" testListId="8c84fa94-04c1-424b-9868-57a2d4851a1d" />
    <TestEntry testId="33bc03f4-5911-abf3-3327-17c201eb4ca6" executionId="4a03402d-53e0-4ce4-9a3d-39f72abbb6a5" testListId="8c84fa94-04c1-424b-9868-57a2d4851a1d" />
    <TestEntry testId="0c7509b4-902f-4554-b735-7ec271053641" executionId="0b428993-2e03-44b6-86c8-97fd5f75c330" testListId="8c84fa94-04c1-424b-9868-57a2d4851a1d" />
    <TestEntry testId="bc87840b-e139-4c94-1ad7-27b2c39f3a02" executionId="45d9986d-a455-469f-ab96-daa32bedd6e3" testListId="8c84fa94-04c1-424b-9868-57a2d4851a1d" />
    <TestEntry testId="1e6c700a-1a27-94f5-5170-30b50ca89ce4" executionId="020eee0b-956a-4623-b9f0-41eb979ac696" testListId="8c84fa94-04c1-424b-9868-57a2d4851a1d" />
    <TestEntry testId="e2e468b9-92f7-db72-c85c-e1b422059e2c" executionId="7ea365ce-61e7-499b-8480-fb22438465a6" testListId="8c84fa94-04c1-424b-9868-57a2d4851a1d" />
    <TestEntry testId="af0cafd0-783b-b36f-9e62-72abf58bc4fb" executionId="9abca418-6b17-4038-9948-1877c418c2c0" testListId="8c84fa94-04c1-424b-9868-57a2d4851a1d" />
    <TestEntry testId="594fd9ed-7823-da9d-1465-bd69f2ada8dc" executionId="4014ded2-4811-49ef-82ae-5200e808dc28" testListId="8c84fa94-04c1-424b-9868-57a2d4851a1d" />
    <TestEntry testId="129b133b-3cf5-33ce-13bf-ae312d78b677" executionId="5e755ece-8b13-440a-afe6-754c461bb435" testListId="8c84fa94-04c1-424b-9868-57a2d4851a1d" />
    <TestEntry testId="f2b911a8-c6b5-155e-5f17-7bb30b4c23f2" executionId="bb32ac59-9c80-488b-ba8e-44a6bcbc3c5e" testListId="8c84fa94-04c1-424b-9868-57a2d4851a1d" />
    <TestEntry testId="f54ea2d6-2150-0a1f-c5bd-e248900054f0" executionId="930c6485-acb6-4862-afa1-68ec04cf06cc" testListId="8c84fa94-04c1-424b-9868-57a2d4851a1d" />
    <TestEntry testId="1773c22d-cb5b-e14f-edf5-53b6236cd7d5" executionId="d67bf58c-3d81-4006-9a9e-13dba857032c" testListId="8c84fa94-04c1-424b-9868-57a2d4851a1d" />
    <TestEntry testId="f554fd97-e28b-39c7-4e83-21da5404ca50" executionId="7cec6a6e-0462-4aab-9958-92433ba4222a" testListId="8c84fa94-04c1-424b-9868-57a2d4851a1d" />
  </TestEntries>
  <Results>
    <UnitTestResult executionId="06f97daa-6c2a-4355-9a57-cde8024f2573" testId="309e52b5-e9a8-539b-3ebf-5a66cbb4d81a" testName="GenerateTubeSerialTest" computerName="SL0D8WDFJM1" duration="00:00:05.7416939" startTime="2013-01-24T14:47:54.4135518-07:00" endTime="2013-01-24T14:48:01.2532357-07:00" testType="13cdc9d9-ddb5-4fa4-a97d-d965ccfc6d4b" outcome="Passed" testListId="8c84fa94-04c1-424b-9868-57a2d4851a1d" relativeResultsDirectory="06f97daa-6c2a-4355-9a57-cde8024f2573">
    </UnitTestResult>
    <UnitTestResult executionId="09e07dab-a9ef-4914-9d84-cbd460d3ef84" testId="9725848f-b700-87d6-99ee-e1846bd68398" testName="GenerateDuplicateTubeSerialTest" computerName="SL0D8WDFJM1" duration="00:00:00.0070021" startTime="2013-01-24T14:48:01.2702374-07:00" endTime="2013-01-24T14:48:01.2832387-07:00" testType="13cdc9d9-ddb5-4fa4-a97d-d965ccfc6d4b" outcome="Passed" testListId="8c84fa94-04c1-424b-9868-57a2d4851a1d" relativeResultsDirectory="09e07dab-a9ef-4914-9d84-cbd460d3ef84">
    </UnitTestResult>
    <UnitTestResult executionId="4a03402d-53e0-4ce4-9a3d-39f72abbb6a5" testId="33bc03f4-5911-abf3-3327-17c201eb4ca6" testName="GenerateTubePartNumberDNE" computerName="SL0D8WDFJM1" duration="00:00:00.0043734" startTime="2013-01-24T14:48:01.2942398-07:00" endTime="2013-01-24T14:48:01.3032407-07:00" testType="13cdc9d9-ddb5-4fa4-a97d-d965ccfc6d4b" outcome="Passed" testListId="8c84fa94-04c1-424b-9868-57a2d4851a1d" relativeResultsDirectory="4a03402d-53e0-4ce4-9a3d-39f72abbb6a5">
    </UnitTestResult>
    <UnitTestResult executionId="0b428993-2e03-44b6-86c8-97fd5f75c330" testId="0c7509b4-902f-4554-b735-7ec271053641" testName="GenerateCathodePartNumberDNE" computerName="SL0D8WDFJM1" duration="00:00:00.0045270" startTime="2013-01-24T14:48:01.3102414-07:00" endTime="2013-01-24T14:48:01.3192423-07:00" testType="13cdc9d9-ddb5-4fa4-a97d-d965ccfc6d4b" outcome="Passed" testListId="8c84fa94-04c1-424b-9868-57a2d4851a1d" relativeResultsDirectory="0b428993-2e03-44b6-86c8-97fd5f75c330">
    </UnitTestResult>
    <UnitTestResult executionId="45d9986d-a455-469f-ab96-daa32bedd6e3" testId="bc87840b-e139-4c94-1ad7-27b2c39f3a02" testName="GenerateTubeEmployeeIDDNE" computerName="SL0D8WDFJM1" duration="00:02:20.3600346" startTime="2013-01-24T14:48:01.3252429-07:00" endTime="2013-01-24T14:50:21.6852775-07:00" testType="13cdc9d9-ddb5-4fa4-a97d-d965ccfc6d4b" outcome="Aborted" testListId="8c84fa94-04c1-424b-9868-57a2d4851a1d" relativeResultsDirectory="45d9986d-a455-469f-ab96-daa32bedd6e3">
    </UnitTestResult>
    <UnitTestResult executionId="020eee0b-956a-4623-b9f0-41eb979ac696" testId="1e6c700a-1a27-94f5-5170-30b50ca89ce4" testName="GenerateCathodeEmployeeIDDNE" computerName="SL0D8WDFJM1" testType="13cdc9d9-ddb5-4fa4-a97d-d965ccfc6d4b" outcome="NotExecuted" testListId="8c84fa94-04c1-424b-9868-57a2d4851a1d" relativeResultsDirectory="020eee0b-956a-4623-b9f0-41eb979ac696">
    </UnitTestResult>
    <UnitTestResult executionId="7ea365ce-61e7-499b-8480-fb22438465a6" testId="e2e468b9-92f7-db72-c85c-e1b422059e2c" testName="GenerateCathodeSerialTest" computerName="SL0D8WDFJM1" testType="13cdc9d9-ddb5-4fa4-a97d-d965ccfc6d4b" outcome="NotExecuted" testListId="8c84fa94-04c1-424b-9868-57a2d4851a1d" relativeResultsDirectory="7ea365ce-61e7-499b-8480-fb22438465a6">
    </UnitTestResult>
    <UnitTestResult executionId="9abca418-6b17-4038-9948-1877c418c2c0" testId="af0cafd0-783b-b36f-9e62-72abf58bc4fb" testName="GenerateDuplicateCathodeSerialTest" computerName="SL0D8WDFJM1" testType="13cdc9d9-ddb5-4fa4-a97d-d965ccfc6d4b" outcome="NotExecuted" testListId="8c84fa94-04c1-424b-9868-57a2d4851a1d" relativeResultsDirectory="9abca418-6b17-4038-9948-1877c418c2c0">
    </UnitTestResult>
    <UnitTestResult executionId="4014ded2-4811-49ef-82ae-5200e808dc28" testId="594fd9ed-7823-da9d-1465-bd69f2ada8dc" testName="GetFormTest" computerName="SL0D8WDFJM1" testType="13cdc9d9-ddb5-4fa4-a97d-d965ccfc6d4b" outcome="NotExecuted" testListId="8c84fa94-04c1-424b-9868-57a2d4851a1d" relativeResultsDirectory="4014ded2-4811-49ef-82ae-5200e808dc28">
    </UnitTestResult>
    <UnitTestResult executionId="5e755ece-8b13-440a-afe6-754c461bb435" testId="129b133b-3cf5-33ce-13bf-ae312d78b677" testName="GetFormDNESerialTest" computerName="SL0D8WDFJM1" testType="13cdc9d9-ddb5-4fa4-a97d-d965ccfc6d4b" outcome="NotExecuted" testListId="8c84fa94-04c1-424b-9868-57a2d4851a1d" relativeResultsDirectory="5e755ece-8b13-440a-afe6-754c461bb435">
    </UnitTestResult>
    <UnitTestResult executionId="bb32ac59-9c80-488b-ba8e-44a6bcbc3c5e" testId="f2b911a8-c6b5-155e-5f17-7bb30b4c23f2" testName="GetFormDNEEmpIDTest" computerName="SL0D8WDFJM1" testType="13cdc9d9-ddb5-4fa4-a97d-d965ccfc6d4b" outcome="NotExecuted" testListId="8c84fa94-04c1-424b-9868-57a2d4851a1d" relativeResultsDirectory="bb32ac59-9c80-488b-ba8e-44a6bcbc3c5e">
    </UnitTestResult>
    <UnitTestResult executionId="930c6485-acb6-4862-afa1-68ec04cf06cc" testId="f54ea2d6-2150-0a1f-c5bd-e248900054f0" testName="GetFormCompletedWorkFlowTest" computerName="SL0D8WDFJM1" testType="13cdc9d9-ddb5-4fa4-a97d-d965ccfc6d4b" outcome="NotExecuted" testListId="8c84fa94-04c1-424b-9868-57a2d4851a1d" relativeResultsDirectory="930c6485-acb6-4862-afa1-68ec04cf06cc">
    </UnitTestResult>
    <UnitTestResult executionId="d67bf58c-3d81-4006-9a9e-13dba857032c" testId="1773c22d-cb5b-e14f-edf5-53b6236cd7d5" testName="SubmitFormTest" computerName="SL0D8WDFJM1" testType="13cdc9d9-ddb5-4fa4-a97d-d965ccfc6d4b" outcome="NotExecuted" testListId="8c84fa94-04c1-424b-9868-57a2d4851a1d" relativeResultsDirectory="d67bf58c-3d81-4006-9a9e-13dba857032c">
    </UnitTestResult>
    <UnitTestResult executionId="7cec6a6e-0462-4aab-9958-92433ba4222a" testId="f554fd97-e28b-39c7-4e83-21da5404ca50" testName="SubmitFormCheckBoxTest" computerName="SL0D8WDFJM1" testType="13cdc9d9-ddb5-4fa4-a97d-d965ccfc6d4b" outcome="NotExecuted" testListId="8c84fa94-04c1-424b-9868-57a2d4851a1d" relativeResultsDirectory="7cec6a6e-0462-4aab-9958-92433ba4222a">
    </UnitTestResult>
  </Results>
</TestRun>