<?xml version="1.0" encoding="UTF-8"?>
<TestRun id="c02e03fe-00f0-48ee-9527-23501b6edf15" name="atruong0@SL0D8WDFJM1 2013-01-24 15:56:31" runUser="VMS\atruong0" xmlns="http://microsoft.com/schemas/VisualStudio/TeamTest/2010">
  <TestSettings name="Local" id="73ec5f96-3290-41df-b6e1-a800b2821207">
    <Description>These are default test settings for a local test run.</Description>
    <Deployment enabled="false" runDeploymentRoot="atruong0_SL0D8WDFJM1 2013-01-24 15_56_31">
      <DeploymentItem filename="C:\Users\atruong0\Documents\Visual Studio 2010\Projects\VT\VT\bin\VT.dll" />
      <DeploymentItem filename="C:\Users\atruong0\Documents\Visual Studio 2010\Projects\VT\packages\EntityFramework.4.1.10331.0\lib\EntityFramework.dll" />
    </Deployment>
    <Execution>
      <TestTypeSpecific />
      <AgentRule name="Execution Agents">
      </AgentRule>
    </Execution>
  </TestSettings>
  <Times creation="2013-01-24T15:56:31.8310933-07:00" queuing="2013-01-24T15:56:32.9653201-07:00" start="2013-01-24T15:56:33.1733617-07:00" finish="2013-01-24T15:58:51.3919999-07:00" />
  <ResultSummary outcome="Error">
    <Counters total="15" executed="15" passed="14" error="0" failed="0" timeout="0" aborted="1" inconclusive="0" passedButRunAborted="0" notRunnable="0" notExecuted="0" disconnected="0" warning="0" completed="0" inProgress="0" pending="0" />
    <RunInfos>
      <RunInfo computerName="SL0D8WDFJM1" outcome="Error" timestamp="2013-01-24T15:58:51.3909997-07:00">
        <Text>Test host process exited unexpectedly.</Text>
      </RunInfo>
    </RunInfos>
  </ResultSummary>
  <TestDefinitions>
    <UnitTest name="GenerateDuplicateCathodeSerialTest" storage="c:\users\atruong0\documents\visual studio 2010\projects\vt\vttestproject\bin\debug\vttestproject.dll" id="af0cafd0-783b-b36f-9e62-72abf58bc4fb">
      <Execution id="44f2d0b9-6012-4a12-ab2c-cd277693976f" />
      <TestMethod codeBase="C:/Users/atruong0/Documents/Visual Studio 2010/Projects/VT/VTTestProject/bin/Debug/VTTestProject.DLL" adapterTypeName="Microsoft.VisualStudio.TestTools.TestTypes.Unit.UnitTestAdapter, Microsoft.VisualStudio.QualityTools.Tips.UnitTest.Adapter, Version=10.0.0.0, Culture=neutral, PublicKeyToken=b03f5f7f11d50a3a" className="VTTestProject.VTLogicModelTest, VTTestProject, Version=1.0.0.0, Culture=neutral, PublicKeyToken=null" name="GenerateDuplicateCathodeSerialTest" />
    </UnitTest>
    <UnitTest name="SubmitFormTest" storage="c:\users\atruong0\documents\visual studio 2010\projects\vt\vttestproject\bin\debug\vttestproject.dll" id="1773c22d-cb5b-e14f-edf5-53b6236cd7d5">
      <Execution id="fa7e0df4-17cc-4ce0-ae94-9cc7fb234ec6" />
      <TestMethod codeBase="C:/Users/atruong0/Documents/Visual Studio 2010/Projects/VT/VTTestProject/bin/Debug/VTTestProject.DLL" adapterTypeName="Microsoft.VisualStudio.TestTools.TestTypes.Unit.UnitTestAdapter, Microsoft.VisualStudio.QualityTools.Tips.UnitTest.Adapter, Version=10.0.0.0, Culture=neutral, PublicKeyToken=b03f5f7f11d50a3a" className="VTTestProject.VTLogicModelTest, VTTestProject, Version=1.0.0.0, Culture=neutral, PublicKeyToken=null" name="SubmitFormTest" />
    </UnitTest>
    <UnitTest name="GetFormCompletedWorkFlowTest" storage="c:\users\atruong0\documents\visual studio 2010\projects\vt\vttestproject\bin\debug\vttestproject.dll" id="f54ea2d6-2150-0a1f-c5bd-e248900054f0">
      <Execution id="59dab18d-3030-441d-8060-4dcb84e10a30" />
      <TestMethod codeBase="C:/Users/atruong0/Documents/Visual Studio 2010/Projects/VT/VTTestProject/bin/Debug/VTTestProject.DLL" adapterTypeName="Microsoft.VisualStudio.TestTools.TestTypes.Unit.UnitTestAdapter, Microsoft.VisualStudio.QualityTools.Tips.UnitTest.Adapter, Version=10.0.0.0, Culture=neutral, PublicKeyToken=b03f5f7f11d50a3a" className="VTTestProject.VTLogicModelTest, VTTestProject, Version=1.0.0.0, Culture=neutral, PublicKeyToken=null" name="GetFormCompletedWorkFlowTest" />
    </UnitTest>
    <UnitTest name="SubmitFormCheckBoxTest" storage="c:\users\atruong0\documents\visual studio 2010\projects\vt\vttestproject\bin\debug\vttestproject.dll" id="f554fd97-e28b-39c7-4e83-21da5404ca50">
      <Execution id="a041109d-c833-4e2e-9154-140511b7dc1a" />
      <TestMethod codeBase="C:/Users/atruong0/Documents/Visual Studio 2010/Projects/VT/VTTestProject/bin/Debug/VTTestProject.DLL" adapterTypeName="Microsoft.VisualStudio.TestTools.TestTypes.Unit.UnitTestAdapter, Microsoft.VisualStudio.QualityTools.Tips.UnitTest.Adapter, Version=10.0.0.0, Culture=neutral, PublicKeyToken=b03f5f7f11d50a3a" className="VTTestProject.VTLogicModelTest, VTTestProject, Version=1.0.0.0, Culture=neutral, PublicKeyToken=null" name="SubmitFormCheckBoxTest" />
    </UnitTest>
    <UnitTest name="GetFormDNESerialTest" storage="c:\users\atruong0\documents\visual studio 2010\projects\vt\vttestproject\bin\debug\vttestproject.dll" id="129b133b-3cf5-33ce-13bf-ae312d78b677">
      <Execution id="858c049f-2512-4cf0-96a4-5d5085c8f29d" />
      <TestMethod codeBase="C:/Users/atruong0/Documents/Visual Studio 2010/Projects/VT/VTTestProject/bin/Debug/VTTestProject.DLL" adapterTypeName="Microsoft.VisualStudio.TestTools.TestTypes.Unit.UnitTestAdapter, Microsoft.VisualStudio.QualityTools.Tips.UnitTest.Adapter, Version=10.0.0.0, Culture=neutral, PublicKeyToken=b03f5f7f11d50a3a" className="VTTestProject.VTLogicModelTest, VTTestProject, Version=1.0.0.0, Culture=neutral, PublicKeyToken=null" name="GetFormDNESerialTest" />
    </UnitTest>
    <UnitTest name="GenerateTubePartNumberDNE" storage="c:\users\atruong0\documents\visual studio 2010\projects\vt\vttestproject\bin\debug\vttestproject.dll" id="33bc03f4-5911-abf3-3327-17c201eb4ca6">
      <Execution id="b771201e-41fd-40ce-bac0-2a1e431ddee3" />
      <TestMethod codeBase="C:/Users/atruong0/Documents/Visual Studio 2010/Projects/VT/VTTestProject/bin/Debug/VTTestProject.DLL" adapterTypeName="Microsoft.VisualStudio.TestTools.TestTypes.Unit.UnitTestAdapter, Microsoft.VisualStudio.QualityTools.Tips.UnitTest.Adapter, Version=10.0.0.0, Culture=neutral, PublicKeyToken=b03f5f7f11d50a3a" className="VTTestProject.VTLogicModelTest, VTTestProject, Version=1.0.0.0, Culture=neutral, PublicKeyToken=null" name="GenerateTubePartNumberDNE" />
    </UnitTest>
    <UnitTest name="GenerateCathodePartNumberDNE" storage="c:\users\atruong0\documents\visual studio 2010\projects\vt\vttestproject\bin\debug\vttestproject.dll" id="0c7509b4-902f-4554-b735-7ec271053641">
      <Execution id="881001ec-77e9-4e8b-8746-334e474457fc" />
      <TestMethod codeBase="C:/Users/atruong0/Documents/Visual Studio 2010/Projects/VT/VTTestProject/bin/Debug/VTTestProject.DLL" adapterTypeName="Microsoft.VisualStudio.TestTools.TestTypes.Unit.UnitTestAdapter, Microsoft.VisualStudio.QualityTools.Tips.UnitTest.Adapter, Version=10.0.0.0, Culture=neutral, PublicKeyToken=b03f5f7f11d50a3a" className="VTTestProject.VTLogicModelTest, VTTestProject, Version=1.0.0.0, Culture=neutral, PublicKeyToken=null" name="GenerateCathodePartNumberDNE" />
    </UnitTest>
    <UnitTest name="GenerateDuplicateTubeSerialTest" storage="c:\users\atruong0\documents\visual studio 2010\projects\vt\vttestproject\bin\debug\vttestproject.dll" id="9725848f-b700-87d6-99ee-e1846bd68398">
      <Execution id="3973b6e1-6281-4057-9aea-19a3c12a3be3" />
      <TestMethod codeBase="C:/Users/atruong0/Documents/Visual Studio 2010/Projects/VT/VTTestProject/bin/Debug/VTTestProject.DLL" adapterTypeName="Microsoft.VisualStudio.TestTools.TestTypes.Unit.UnitTestAdapter, Microsoft.VisualStudio.QualityTools.Tips.UnitTest.Adapter, Version=10.0.0.0, Culture=neutral, PublicKeyToken=b03f5f7f11d50a3a" className="VTTestProject.VTLogicModelTest, VTTestProject, Version=1.0.0.0, Culture=neutral, PublicKeyToken=null" name="GenerateDuplicateTubeSerialTest" />
    </UnitTest>
    <UnitTest name="GenerateCathodeSerialTest" storage="c:\users\atruong0\documents\visual studio 2010\projects\vt\vttestproject\bin\debug\vttestproject.dll" id="e2e468b9-92f7-db72-c85c-e1b422059e2c">
      <Execution id="72ec5922-ddb3-40b6-b5c7-fcaf63e7c811" />
      <TestMethod codeBase="C:/Users/atruong0/Documents/Visual Studio 2010/Projects/VT/VTTestProject/bin/Debug/VTTestProject.DLL" adapterTypeName="Microsoft.VisualStudio.TestTools.TestTypes.Unit.UnitTestAdapter, Microsoft.VisualStudio.QualityTools.Tips.UnitTest.Adapter, Version=10.0.0.0, Culture=neutral, PublicKeyToken=b03f5f7f11d50a3a" className="VTTestProject.VTLogicModelTest, VTTestProject, Version=1.0.0.0, Culture=neutral, PublicKeyToken=null" name="GenerateCathodeSerialTest" />
    </UnitTest>
    <UnitTest name="GenerateTubeSerialTest" storage="c:\users\atruong0\documents\visual studio 2010\projects\vt\vttestproject\bin\debug\vttestproject.dll" id="309e52b5-e9a8-539b-3ebf-5a66cbb4d81a">
      <Execution id="5bcf2458-8f8d-4ad1-8b6c-7f080509739f" />
      <TestMethod codeBase="C:/Users/atruong0/Documents/Visual Studio 2010/Projects/VT/VTTestProject/bin/Debug/VTTestProject.DLL" adapterTypeName="Microsoft.VisualStudio.TestTools.TestTypes.Unit.UnitTestAdapter, Microsoft.VisualStudio.QualityTools.Tips.UnitTest.Adapter, Version=10.0.0.0, Culture=neutral, PublicKeyToken=b03f5f7f11d50a3a" className="VTTestProject.VTLogicModelTest, VTTestProject, Version=1.0.0.0, Culture=neutral, PublicKeyToken=null" name="GenerateTubeSerialTest" />
    </UnitTest>
    <UnitTest name="GetFormTest" storage="c:\users\atruong0\documents\visual studio 2010\projects\vt\vttestproject\bin\debug\vttestproject.dll" id="594fd9ed-7823-da9d-1465-bd69f2ada8dc">
      <Execution id="b57f7286-d4ce-46f3-a90e-76d3f9b12c41" />
      <TestMethod codeBase="C:/Users/atruong0/Documents/Visual Studio 2010/Projects/VT/VTTestProject/bin/Debug/VTTestProject.DLL" adapterTypeName="Microsoft.VisualStudio.TestTools.TestTypes.Unit.UnitTestAdapter, Microsoft.VisualStudio.QualityTools.Tips.UnitTest.Adapter, Version=10.0.0.0, Culture=neutral, PublicKeyToken=b03f5f7f11d50a3a" className="VTTestProject.VTLogicModelTest, VTTestProject, Version=1.0.0.0, Culture=neutral, PublicKeyToken=null" name="GetFormTest" />
    </UnitTest>
    <UnitTest name="GenerateTubeEmployeeIDDNE" storage="c:\users\atruong0\documents\visual studio 2010\projects\vt\vttestproject\bin\debug\vttestproject.dll" id="bc87840b-e139-4c94-1ad7-27b2c39f3a02">
      <Execution id="cd44a254-d3fe-4018-bb8d-1a4d2ba045d7" />
      <TestMethod codeBase="C:/Users/atruong0/Documents/Visual Studio 2010/Projects/VT/VTTestProject/bin/Debug/VTTestProject.DLL" adapterTypeName="Microsoft.VisualStudio.TestTools.TestTypes.Unit.UnitTestAdapter, Microsoft.VisualStudio.QualityTools.Tips.UnitTest.Adapter, Version=10.0.0.0, Culture=neutral, PublicKeyToken=b03f5f7f11d50a3a" className="VTTestProject.VTLogicModelTest, VTTestProject, Version=1.0.0.0, Culture=neutral, PublicKeyToken=null" name="GenerateTubeEmployeeIDDNE" />
    </UnitTest>
    <UnitTest name="SubmitMissingData" storage="c:\users\atruong0\documents\visual studio 2010\projects\vt\vttestproject\bin\debug\vttestproject.dll" id="cfccb108-70df-5945-8b61-5579401268f0">
      <Execution id="a85cb73c-714f-452e-864f-a61e066289eb" />
      <TestMethod codeBase="C:/Users/atruong0/Documents/Visual Studio 2010/Projects/VT/VTTestProject/bin/Debug/VTTestProject.DLL" adapterTypeName="Microsoft.VisualStudio.TestTools.TestTypes.Unit.UnitTestAdapter, Microsoft.VisualStudio.QualityTools.Tips.UnitTest.Adapter, Version=10.0.0.0, Culture=neutral, PublicKeyToken=b03f5f7f11d50a3a" className="VTTestProject.VTLogicModelTest, VTTestProject, Version=1.0.0.0, Culture=neutral, PublicKeyToken=null" name="SubmitMissingData" />
    </UnitTest>
    <UnitTest name="GenerateCathodeEmployeeIDDNE" storage="c:\users\atruong0\documents\visual studio 2010\projects\vt\vttestproject\bin\debug\vttestproject.dll" id="1e6c700a-1a27-94f5-5170-30b50ca89ce4">
      <Execution id="ba1b88af-7a42-4811-bcd0-86bdd521bbd2" />
      <TestMethod codeBase="C:/Users/atruong0/Documents/Visual Studio 2010/Projects/VT/VTTestProject/bin/Debug/VTTestProject.DLL" adapterTypeName="Microsoft.VisualStudio.TestTools.TestTypes.Unit.UnitTestAdapter, Microsoft.VisualStudio.QualityTools.Tips.UnitTest.Adapter, Version=10.0.0.0, Culture=neutral, PublicKeyToken=b03f5f7f11d50a3a" className="VTTestProject.VTLogicModelTest, VTTestProject, Version=1.0.0.0, Culture=neutral, PublicKeyToken=null" name="GenerateCathodeEmployeeIDDNE" />
    </UnitTest>
    <UnitTest name="GetFormDNEEmpIDTest" storage="c:\users\atruong0\documents\visual studio 2010\projects\vt\vttestproject\bin\debug\vttestproject.dll" id="f2b911a8-c6b5-155e-5f17-7bb30b4c23f2">
      <Execution id="3d997178-12b9-491e-837f-6ba5fddd5e10" />
      <TestMethod codeBase="C:/Users/atruong0/Documents/Visual Studio 2010/Projects/VT/VTTestProject/bin/Debug/VTTestProject.DLL" adapterTypeName="Microsoft.VisualStudio.TestTools.TestTypes.Unit.UnitTestAdapter, Microsoft.VisualStudio.QualityTools.Tips.UnitTest.Adapter, Version=10.0.0.0, Culture=neutral, PublicKeyToken=b03f5f7f11d50a3a" className="VTTestProject.VTLogicModelTest, VTTestProject, Version=1.0.0.0, Culture=neutral, PublicKeyToken=null" name="GetFormDNEEmpIDTest" />
    </UnitTest>
  </TestDefinitions>
  <TestLists>
    <TestList name="Results Not in a List" id="8c84fa94-04c1-424b-9868-57a2d4851a1d" />
    <TestList name="All Loaded Results" id="19431567-8539-422a-85d7-44ee4e166bda" />
  </TestLists>
  <TestEntries>
    <TestEntry testId="309e52b5-e9a8-539b-3ebf-5a66cbb4d81a" executionId="5bcf2458-8f8d-4ad1-8b6c-7f080509739f" testListId="8c84fa94-04c1-424b-9868-57a2d4851a1d" />
    <TestEntry testId="9725848f-b700-87d6-99ee-e1846bd68398" executionId="3973b6e1-6281-4057-9aea-19a3c12a3be3" testListId="8c84fa94-04c1-424b-9868-57a2d4851a1d" />
    <TestEntry testId="33bc03f4-5911-abf3-3327-17c201eb4ca6" executionId="b771201e-41fd-40ce-bac0-2a1e431ddee3" testListId="8c84fa94-04c1-424b-9868-57a2d4851a1d" />
    <TestEntry testId="0c7509b4-902f-4554-b735-7ec271053641" executionId="881001ec-77e9-4e8b-8746-334e474457fc" testListId="8c84fa94-04c1-424b-9868-57a2d4851a1d" />
    <TestEntry testId="bc87840b-e139-4c94-1ad7-27b2c39f3a02" executionId="cd44a254-d3fe-4018-bb8d-1a4d2ba045d7" testListId="8c84fa94-04c1-424b-9868-57a2d4851a1d" />
    <TestEntry testId="1e6c700a-1a27-94f5-5170-30b50ca89ce4" executionId="ba1b88af-7a42-4811-bcd0-86bdd521bbd2" testListId="8c84fa94-04c1-424b-9868-57a2d4851a1d" />
    <TestEntry testId="e2e468b9-92f7-db72-c85c-e1b422059e2c" executionId="72ec5922-ddb3-40b6-b5c7-fcaf63e7c811" testListId="8c84fa94-04c1-424b-9868-57a2d4851a1d" />
    <TestEntry testId="af0cafd0-783b-b36f-9e62-72abf58bc4fb" executionId="44f2d0b9-6012-4a12-ab2c-cd277693976f" testListId="8c84fa94-04c1-424b-9868-57a2d4851a1d" />
    <TestEntry testId="594fd9ed-7823-da9d-1465-bd69f2ada8dc" executionId="b57f7286-d4ce-46f3-a90e-76d3f9b12c41" testListId="8c84fa94-04c1-424b-9868-57a2d4851a1d" />
    <TestEntry testId="129b133b-3cf5-33ce-13bf-ae312d78b677" executionId="858c049f-2512-4cf0-96a4-5d5085c8f29d" testListId="8c84fa94-04c1-424b-9868-57a2d4851a1d" />
    <TestEntry testId="f2b911a8-c6b5-155e-5f17-7bb30b4c23f2" executionId="3d997178-12b9-491e-837f-6ba5fddd5e10" testListId="8c84fa94-04c1-424b-9868-57a2d4851a1d" />
    <TestEntry testId="f54ea2d6-2150-0a1f-c5bd-e248900054f0" executionId="59dab18d-3030-441d-8060-4dcb84e10a30" testListId="8c84fa94-04c1-424b-9868-57a2d4851a1d" />
    <TestEntry testId="1773c22d-cb5b-e14f-edf5-53b6236cd7d5" executionId="fa7e0df4-17cc-4ce0-ae94-9cc7fb234ec6" testListId="8c84fa94-04c1-424b-9868-57a2d4851a1d" />
    <TestEntry testId="f554fd97-e28b-39c7-4e83-21da5404ca50" executionId="a041109d-c833-4e2e-9154-140511b7dc1a" testListId="8c84fa94-04c1-424b-9868-57a2d4851a1d" />
    <TestEntry testId="cfccb108-70df-5945-8b61-5579401268f0" executionId="a85cb73c-714f-452e-864f-a61e066289eb" testListId="8c84fa94-04c1-424b-9868-57a2d4851a1d" />
  </TestEntries>
  <Results>
    <UnitTestResult executionId="5bcf2458-8f8d-4ad1-8b6c-7f080509739f" testId="309e52b5-e9a8-539b-3ebf-5a66cbb4d81a" testName="GenerateTubeSerialTest" computerName="SL0D8WDFJM1" duration="00:00:00.3122213" startTime="2013-01-24T15:56:33.3373945-07:00" endTime="2013-01-24T15:56:34.8757021-07:00" testType="13cdc9d9-ddb5-4fa4-a97d-d965ccfc6d4b" outcome="Passed" testListId="8c84fa94-04c1-424b-9868-57a2d4851a1d" relativeResultsDirectory="5bcf2458-8f8d-4ad1-8b6c-7f080509739f">
    </UnitTestResult>
    <UnitTestResult executionId="3973b6e1-6281-4057-9aea-19a3c12a3be3" testId="9725848f-b700-87d6-99ee-e1846bd68398" testName="GenerateDuplicateTubeSerialTest" computerName="SL0D8WDFJM1" duration="00:00:00.0084711" startTime="2013-01-24T15:56:34.9077085-07:00" endTime="2013-01-24T15:56:34.9257121-07:00" testType="13cdc9d9-ddb5-4fa4-a97d-d965ccfc6d4b" outcome="Passed" testListId="8c84fa94-04c1-424b-9868-57a2d4851a1d" relativeResultsDirectory="3973b6e1-6281-4057-9aea-19a3c12a3be3">
    </UnitTestResult>
    <UnitTestResult executionId="b771201e-41fd-40ce-bac0-2a1e431ddee3" testId="33bc03f4-5911-abf3-3327-17c201eb4ca6" testName="GenerateTubePartNumberDNE" computerName="SL0D8WDFJM1" duration="00:00:00.0062520" startTime="2013-01-24T15:56:34.9367143-07:00" endTime="2013-01-24T15:56:34.9627195-07:00" testType="13cdc9d9-ddb5-4fa4-a97d-d965ccfc6d4b" outcome="Passed" testListId="8c84fa94-04c1-424b-9868-57a2d4851a1d" relativeResultsDirectory="b771201e-41fd-40ce-bac0-2a1e431ddee3">
    </UnitTestResult>
    <UnitTestResult executionId="881001ec-77e9-4e8b-8746-334e474457fc" testId="0c7509b4-902f-4554-b735-7ec271053641" testName="GenerateCathodePartNumberDNE" computerName="SL0D8WDFJM1" duration="00:00:00.0050770" startTime="2013-01-24T15:56:34.9717213-07:00" endTime="2013-01-24T15:56:34.9827235-07:00" testType="13cdc9d9-ddb5-4fa4-a97d-d965ccfc6d4b" outcome="Passed" testListId="8c84fa94-04c1-424b-9868-57a2d4851a1d" relativeResultsDirectory="881001ec-77e9-4e8b-8746-334e474457fc">
    </UnitTestResult>
    <UnitTestResult executionId="cd44a254-d3fe-4018-bb8d-1a4d2ba045d7" testId="bc87840b-e139-4c94-1ad7-27b2c39f3a02" testName="GenerateTubeEmployeeIDDNE" computerName="SL0D8WDFJM1" duration="00:00:01.0126051" startTime="2013-01-24T15:56:34.9907251-07:00" endTime="2013-01-24T15:56:36.0099289-07:00" testType="13cdc9d9-ddb5-4fa4-a97d-d965ccfc6d4b" outcome="Passed" testListId="8c84fa94-04c1-424b-9868-57a2d4851a1d" relativeResultsDirectory="cd44a254-d3fe-4018-bb8d-1a4d2ba045d7">
    </UnitTestResult>
    <UnitTestResult executionId="ba1b88af-7a42-4811-bcd0-86bdd521bbd2" testId="1e6c700a-1a27-94f5-5170-30b50ca89ce4" testName="GenerateCathodeEmployeeIDDNE" computerName="SL0D8WDFJM1" duration="00:00:01.0099340" startTime="2013-01-24T15:56:36.0279325-07:00" endTime="2013-01-24T15:56:37.0451359-07:00" testType="13cdc9d9-ddb5-4fa4-a97d-d965ccfc6d4b" outcome="Passed" testListId="8c84fa94-04c1-424b-9868-57a2d4851a1d" relativeResultsDirectory="ba1b88af-7a42-4811-bcd0-86bdd521bbd2">
    </UnitTestResult>
    <UnitTestResult executionId="72ec5922-ddb3-40b6-b5c7-fcaf63e7c811" testId="e2e468b9-92f7-db72-c85c-e1b422059e2c" testName="GenerateCathodeSerialTest" computerName="SL0D8WDFJM1" duration="00:00:00.0088133" startTime="2013-01-24T15:56:37.0581385-07:00" endTime="2013-01-24T15:56:37.0741417-07:00" testType="13cdc9d9-ddb5-4fa4-a97d-d965ccfc6d4b" outcome="Passed" testListId="8c84fa94-04c1-424b-9868-57a2d4851a1d" relativeResultsDirectory="72ec5922-ddb3-40b6-b5c7-fcaf63e7c811">
    </UnitTestResult>
    <UnitTestResult executionId="44f2d0b9-6012-4a12-ab2c-cd277693976f" testId="af0cafd0-783b-b36f-9e62-72abf58bc4fb" testName="GenerateDuplicateCathodeSerialTest" computerName="SL0D8WDFJM1" duration="00:00:00.0050458" startTime="2013-01-24T15:56:37.0821433-07:00" endTime="2013-01-24T15:56:37.0961461-07:00" testType="13cdc9d9-ddb5-4fa4-a97d-d965ccfc6d4b" outcome="Passed" testListId="8c84fa94-04c1-424b-9868-57a2d4851a1d" relativeResultsDirectory="44f2d0b9-6012-4a12-ab2c-cd277693976f">
    </UnitTestResult>
    <UnitTestResult executionId="b57f7286-d4ce-46f3-a90e-76d3f9b12c41" testId="594fd9ed-7823-da9d-1465-bd69f2ada8dc" testName="GetFormTest" computerName="SL0D8WDFJM1" duration="00:00:18.0474801" startTime="2013-01-24T15:56:37.1041477-07:00" endTime="2013-01-24T15:56:55.1597581-07:00" testType="13cdc9d9-ddb5-4fa4-a97d-d965ccfc6d4b" outcome="Passed" testListId="8c84fa94-04c1-424b-9868-57a2d4851a1d" relativeResultsDirectory="b57f7286-d4ce-46f3-a90e-76d3f9b12c41">
    </UnitTestResult>
    <UnitTestResult executionId="858c049f-2512-4cf0-96a4-5d5085c8f29d" testId="129b133b-3cf5-33ce-13bf-ae312d78b677" testName="GetFormDNESerialTest" computerName="SL0D8WDFJM1" duration="00:00:00.0039820" startTime="2013-01-24T15:56:55.1717605-07:00" endTime="2013-01-24T15:56:55.1837629-07:00" testType="13cdc9d9-ddb5-4fa4-a97d-d965ccfc6d4b" outcome="Passed" testListId="8c84fa94-04c1-424b-9868-57a2d4851a1d" relativeResultsDirectory="858c049f-2512-4cf0-96a4-5d5085c8f29d">
    </UnitTestResult>
    <UnitTestResult executionId="3d997178-12b9-491e-837f-6ba5fddd5e10" testId="f2b911a8-c6b5-155e-5f17-7bb30b4c23f2" testName="GetFormDNEEmpIDTest" computerName="SL0D8WDFJM1" duration="00:00:00.0043447" startTime="2013-01-24T15:56:55.2007663-07:00" endTime="2013-01-24T15:56:55.2157693-07:00" testType="13cdc9d9-ddb5-4fa4-a97d-d965ccfc6d4b" outcome="Passed" testListId="8c84fa94-04c1-424b-9868-57a2d4851a1d" relativeResultsDirectory="3d997178-12b9-491e-837f-6ba5fddd5e10">
    </UnitTestResult>
    <UnitTestResult executionId="59dab18d-3030-441d-8060-4dcb84e10a30" testId="f54ea2d6-2150-0a1f-c5bd-e248900054f0" testName="GetFormCompletedWorkFlowTest" computerName="SL0D8WDFJM1" duration="00:00:17.9174002" startTime="2013-01-24T15:56:55.2247711-07:00" endTime="2013-01-24T15:57:13.1533561-07:00" testType="13cdc9d9-ddb5-4fa4-a97d-d965ccfc6d4b" outcome="Passed" testListId="8c84fa94-04c1-424b-9868-57a2d4851a1d" relativeResultsDirectory="59dab18d-3030-441d-8060-4dcb84e10a30">
    </UnitTestResult>
    <UnitTestResult executionId="fa7e0df4-17cc-4ce0-ae94-9cc7fb234ec6" testId="1773c22d-cb5b-e14f-edf5-53b6236cd7d5" testName="SubmitFormTest" computerName="SL0D8WDFJM1" duration="00:00:19.5801548" startTime="2013-01-24T15:57:13.1733601-07:00" endTime="2013-01-24T15:57:32.7702787-07:00" testType="13cdc9d9-ddb5-4fa4-a97d-d965ccfc6d4b" outcome="Passed" testListId="8c84fa94-04c1-424b-9868-57a2d4851a1d" relativeResultsDirectory="fa7e0df4-17cc-4ce0-ae94-9cc7fb234ec6">
    </UnitTestResult>
    <UnitTestResult executionId="a041109d-c833-4e2e-9154-140511b7dc1a" testId="f554fd97-e28b-39c7-4e83-21da5404ca50" testName="SubmitFormCheckBoxTest" computerName="SL0D8WDFJM1" duration="00:00:19.6525242" startTime="2013-01-24T15:57:32.7882823-07:00" endTime="2013-01-24T15:57:52.4492137-07:00" testType="13cdc9d9-ddb5-4fa4-a97d-d965ccfc6d4b" outcome="Passed" testListId="8c84fa94-04c1-424b-9868-57a2d4851a1d" relativeResultsDirectory="a041109d-c833-4e2e-9154-140511b7dc1a">
    </UnitTestResult>
    <UnitTestResult executionId="a85cb73c-714f-452e-864f-a61e066289eb" testId="cfccb108-70df-5945-8b61-5579401268f0" testName="SubmitMissingData" computerName="SL0D8WDFJM1" duration="00:00:58.9217820" startTime="2013-01-24T15:57:52.4702179-07:00" endTime="2013-01-24T15:58:51.3919999-07:00" testType="13cdc9d9-ddb5-4fa4-a97d-d965ccfc6d4b" outcome="Aborted" testListId="8c84fa94-04c1-424b-9868-57a2d4851a1d" relativeResultsDirectory="a85cb73c-714f-452e-864f-a61e066289eb">
    </UnitTestResult>
  </Results>
</TestRun>